{"/home/user/business-arena/src/engine/types.ts": {"path":"/home/user/business-arena/src/engine/types.ts","statementMap":{},"fnMap":{},"branchMap":{},"s":{},"f":{},"b":{},"meta":{"lastBranch":0,"lastFunction":0,"lastStatement":0,"seen":{},"fnNames":{}}}
,"/home/user/business-arena/src/engine/bots/index.ts": {"path":"/home/user/business-arena/src/engine/bots/index.ts","statementMap":{"0":{"start":{"line":27,"column":15},"end":{"line":27,"column":null}},"1":{"start":{"line":27,"column":60},"end":{"line":27,"column":75}},"2":{"start":{"line":28,"column":2},"end":{"line":28,"column":null}},"3":{"start":{"line":32,"column":18},"end":{"line":32,"column":null}},"4":{"start":{"line":34,"column":5},"end":{"line":35,"column":null}},"5":{"start":{"line":36,"column":2},"end":{"line":36,"column":null}},"6":{"start":{"line":41,"column":17},"end":{"line":41,"column":null}},"7":{"start":{"line":42,"column":18},"end":{"line":42,"column":null}},"8":{"start":{"line":43,"column":15},"end":{"line":43,"column":null}},"9":{"start":{"line":44,"column":2},"end":{"line":44,"column":null}},"10":{"start":{"line":49,"column":14},"end":{"line":49,"column":null}},"11":{"start":{"line":50,"column":16},"end":{"line":50,"column":null}},"12":{"start":{"line":52,"column":4},"end":{"line":54,"column":null}},"13":{"start":{"line":55,"column":17},"end":{"line":55,"column":null}},"14":{"start":{"line":56,"column":2},"end":{"line":56,"column":null}},"15":{"start":{"line":75,"column":2},"end":{"line":75,"column":null}},"16":{"start":{"line":84,"column":12},"end":{"line":84,"column":null}},"17":{"start":{"line":86,"column":2},"end":{"line":117,"column":null}},"18":{"start":{"line":87,"column":21},"end":{"line":87,"column":null}},"19":{"start":{"line":88,"column":4},"end":{"line":116,"column":null}},"20":{"start":{"line":90,"column":8},"end":{"line":90,"column":null}},"21":{"start":{"line":91,"column":8},"end":{"line":91,"column":null}},"22":{"start":{"line":93,"column":8},"end":{"line":93,"column":null}},"23":{"start":{"line":94,"column":8},"end":{"line":94,"column":null}},"24":{"start":{"line":96,"column":8},"end":{"line":99,"column":null}},"25":{"start":{"line":100,"column":8},"end":{"line":100,"column":null}},"26":{"start":{"line":102,"column":8},"end":{"line":102,"column":null}},"27":{"start":{"line":103,"column":8},"end":{"line":103,"column":null}},"28":{"start":{"line":105,"column":20},"end":{"line":105,"column":null}},"29":{"start":{"line":106,"column":27},"end":{"line":106,"column":null}},"30":{"start":{"line":107,"column":30},"end":{"line":107,"column":null}},"31":{"start":{"line":108,"column":32},"end":{"line":108,"column":null}},"32":{"start":{"line":109,"column":8},"end":{"line":113,"column":null}},"33":{"start":{"line":114,"column":8},"end":{"line":114,"column":null}},"34":{"start":{"line":119,"column":2},"end":{"line":141,"column":null}},"35":{"start":{"line":120,"column":16},"end":{"line":120,"column":null}},"36":{"start":{"line":121,"column":21},"end":{"line":122,"column":null}},"37":{"start":{"line":123,"column":18},"end":{"line":123,"column":null}},"38":{"start":{"line":124,"column":17},"end":{"line":124,"column":null}},"39":{"start":{"line":125,"column":4},"end":{"line":140,"column":null}},"40":{"start":{"line":127,"column":8},"end":{"line":127,"column":null}},"41":{"start":{"line":129,"column":8},"end":{"line":129,"column":null}},"42":{"start":{"line":129,"column":19},"end":{"line":129,"column":null}},"43":{"start":{"line":130,"column":8},"end":{"line":130,"column":null}},"44":{"start":{"line":132,"column":8},"end":{"line":132,"column":null}},"45":{"start":{"line":132,"column":18},"end":{"line":132,"column":null}},"46":{"start":{"line":133,"column":8},"end":{"line":133,"column":null}},"47":{"start":{"line":135,"column":8},"end":{"line":135,"column":null}},"48":{"start":{"line":135,"column":19},"end":{"line":135,"column":null}},"49":{"start":{"line":136,"column":8},"end":{"line":136,"column":null}},"50":{"start":{"line":138,"column":8},"end":{"line":138,"column":null}},"51":{"start":{"line":138,"column":19},"end":{"line":138,"column":null}},"52":{"start":{"line":139,"column":8},"end":{"line":139,"column":null}},"53":{"start":{"line":143,"column":2},"end":{"line":166,"column":null}},"54":{"start":{"line":144,"column":22},"end":{"line":144,"column":null}},"55":{"start":{"line":145,"column":4},"end":{"line":165,"column":null}},"56":{"start":{"line":147,"column":8},"end":{"line":147,"column":null}},"57":{"start":{"line":149,"column":25},"end":{"line":149,"column":null}},"58":{"start":{"line":149,"column":55},"end":{"line":149,"column":90}},"59":{"start":{"line":150,"column":8},"end":{"line":150,"column":null}},"60":{"start":{"line":151,"column":8},"end":{"line":151,"column":null}},"61":{"start":{"line":154,"column":21},"end":{"line":154,"column":null}},"62":{"start":{"line":154,"column":51},"end":{"line":154,"column":82}},"63":{"start":{"line":155,"column":8},"end":{"line":155,"column":null}},"64":{"start":{"line":156,"column":8},"end":{"line":156,"column":null}},"65":{"start":{"line":159,"column":8},"end":{"line":159,"column":null}},"66":{"start":{"line":161,"column":25},"end":{"line":161,"column":null}},"67":{"start":{"line":161,"column":55},"end":{"line":161,"column":90}},"68":{"start":{"line":162,"column":8},"end":{"line":162,"column":null}},"69":{"start":{"line":163,"column":8},"end":{"line":163,"column":null}},"70":{"start":{"line":168,"column":2},"end":{"line":176,"column":null}},"71":{"start":{"line":169,"column":20},"end":{"line":169,"column":null}},"72":{"start":{"line":170,"column":24},"end":{"line":172,"column":null}},"73":{"start":{"line":173,"column":4},"end":{"line":175,"column":null}},"74":{"start":{"line":174,"column":6},"end":{"line":174,"column":null}},"75":{"start":{"line":178,"column":2},"end":{"line":197,"column":null}},"76":{"start":{"line":179,"column":16},"end":{"line":179,"column":null}},"77":{"start":{"line":180,"column":4},"end":{"line":196,"column":null}},"78":{"start":{"line":182,"column":8},"end":{"line":182,"column":null}},"79":{"start":{"line":185,"column":8},"end":{"line":187,"column":null}},"80":{"start":{"line":186,"column":10},"end":{"line":186,"column":null}},"81":{"start":{"line":188,"column":8},"end":{"line":188,"column":null}},"82":{"start":{"line":190,"column":8},"end":{"line":192,"column":null}},"83":{"start":{"line":191,"column":10},"end":{"line":191,"column":null}},"84":{"start":{"line":193,"column":8},"end":{"line":193,"column":null}},"85":{"start":{"line":195,"column":8},"end":{"line":195,"column":null}},"86":{"start":{"line":199,"column":2},"end":{"line":206,"column":null}},"87":{"start":{"line":200,"column":4},"end":{"line":205,"column":null}},"88":{"start":{"line":201,"column":19},"end":{"line":201,"column":null}},"89":{"start":{"line":202,"column":6},"end":{"line":204,"column":null}},"90":{"start":{"line":203,"column":8},"end":{"line":203,"column":null}},"91":{"start":{"line":208,"column":2},"end":{"line":208,"column":null}},"92":{"start":{"line":212,"column":14},"end":{"line":212,"column":null}},"93":{"start":{"line":213,"column":22},"end":{"line":213,"column":null}},"94":{"start":{"line":214,"column":14},"end":{"line":214,"column":null}},"95":{"start":{"line":215,"column":15},"end":{"line":215,"column":null}},"96":{"start":{"line":217,"column":2},"end":{"line":263,"column":null}},"97":{"start":{"line":219,"column":6},"end":{"line":225,"column":null}},"98":{"start":{"line":226,"column":6},"end":{"line":226,"column":null}},"99":{"start":{"line":228,"column":6},"end":{"line":234,"column":null}},"100":{"start":{"line":235,"column":6},"end":{"line":235,"column":null}},"101":{"start":{"line":237,"column":6},"end":{"line":243,"column":null}},"102":{"start":{"line":244,"column":6},"end":{"line":244,"column":null}},"103":{"start":{"line":246,"column":6},"end":{"line":252,"column":null}},"104":{"start":{"line":253,"column":6},"end":{"line":253,"column":null}},"105":{"start":{"line":255,"column":6},"end":{"line":261,"column":null}},"106":{"start":{"line":262,"column":6},"end":{"line":262,"column":null}},"107":{"start":{"line":264,"column":2},"end":{"line":264,"column":null}},"108":{"start":{"line":264,"column":33},"end":{"line":264,"column":null}},"109":{"start":{"line":265,"column":2},"end":{"line":265,"column":null}}},"fnMap":{"0":{"name":"mainRefPrice","decl":{"start":{"line":26,"column":9},"end":{"line":26,"column":22}},"loc":{"start":{"line":26,"column":62},"end":{"line":29,"column":null}},"line":26},"1":{"name":"(anonymous_1)","decl":{"start":{"line":27,"column":45},"end":{"line":27,"column":51}},"loc":{"start":{"line":27,"column":60},"end":{"line":27,"column":75}},"line":27},"2":{"name":"capacity","decl":{"start":{"line":31,"column":9},"end":{"line":31,"column":18}},"loc":{"start":{"line":31,"column":43},"end":{"line":37,"column":null}},"line":31},"3":{"name":"seasonalFactor","decl":{"start":{"line":40,"column":9},"end":{"line":40,"column":24}},"loc":{"start":{"line":40,"column":49},"end":{"line":45,"column":null}},"line":40},"4":{"name":"adaptivePlan","decl":{"start":{"line":48,"column":9},"end":{"line":48,"column":22}},"loc":{"start":{"line":48,"column":71},"end":{"line":57,"column":null}},"line":48},"5":{"name":"neutralDecisions","decl":{"start":{"line":74,"column":16},"end":{"line":74,"column":33}},"loc":{"start":{"line":74,"column":66},"end":{"line":76,"column":null}},"line":74},"6":{"name":"enrichDecisions","decl":{"start":{"line":79,"column":9},"end":{"line":79,"column":null}},"loc":{"start":{"line":83,"column":18},"end":{"line":209,"column":null}},"line":83},"7":{"name":"(anonymous_7)","decl":{"start":{"line":149,"column":40},"end":{"line":149,"column":46}},"loc":{"start":{"line":149,"column":55},"end":{"line":149,"column":90}},"line":149},"8":{"name":"(anonymous_8)","decl":{"start":{"line":154,"column":36},"end":{"line":154,"column":42}},"loc":{"start":{"line":154,"column":51},"end":{"line":154,"column":82}},"line":154},"9":{"name":"(anonymous_9)","decl":{"start":{"line":161,"column":40},"end":{"line":161,"column":46}},"loc":{"start":{"line":161,"column":55},"end":{"line":161,"column":90}},"line":161},"10":{"name":"botDecisions","decl":{"start":{"line":211,"column":16},"end":{"line":211,"column":29}},"loc":{"start":{"line":211,"column":83},"end":{"line":266,"column":null}},"line":211}},"branchMap":{"0":{"loc":{"start":{"line":28,"column":9},"end":{"line":28,"column":null}},"type":"cond-expr","locations":[{"start":{"line":28,"column":16},"end":{"line":28,"column":32}},{"start":{"line":28,"column":32},"end":{"line":28,"column":null}}],"line":28},"1":{"loc":{"start":{"line":42,"column":18},"end":{"line":42,"column":null}},"type":"binary-expr","locations":[{"start":{"line":42,"column":18},"end":{"line":42,"column":48}},{"start":{"line":42,"column":48},"end":{"line":42,"column":null}}],"line":42},"2":{"loc":{"start":{"line":43,"column":15},"end":{"line":43,"column":null}},"type":"binary-expr","locations":[{"start":{"line":43,"column":15},"end":{"line":43,"column":41}},{"start":{"line":43,"column":41},"end":{"line":43,"column":null}}],"line":43},"3":{"loc":{"start":{"line":44,"column":37},"end":{"line":44,"column":69}},"type":"cond-expr","locations":[{"start":{"line":44,"column":51},"end":{"line":44,"column":68}},{"start":{"line":44,"column":68},"end":{"line":44,"column":69}}],"line":44},"4":{"loc":{"start":{"line":52,"column":4},"end":{"line":54,"column":null}},"type":"cond-expr","locations":[{"start":{"line":53,"column":8},"end":{"line":53,"column":null}},{"start":{"line":54,"column":8},"end":{"line":54,"column":null}}],"line":52},"5":{"loc":{"start":{"line":86,"column":2},"end":{"line":117,"column":null}},"type":"if","locations":[{"start":{"line":86,"column":2},"end":{"line":117,"column":null}},{"start":{},"end":{}}],"line":86},"6":{"loc":{"start":{"line":88,"column":4},"end":{"line":116,"column":null}},"type":"switch","locations":[{"start":{"line":89,"column":6},"end":{"line":91,"column":null}},{"start":{"line":92,"column":6},"end":{"line":94,"column":null}},{"start":{"line":95,"column":6},"end":{"line":100,"column":null}},{"start":{"line":101,"column":6},"end":{"line":103,"column":null}},{"start":{"line":104,"column":6},"end":{"line":115,"column":null}}],"line":88},"7":{"loc":{"start":{"line":107,"column":30},"end":{"line":107,"column":null}},"type":"cond-expr","locations":[{"start":{"line":107,"column":59},"end":{"line":107,"column":97}},{"start":{"line":107,"column":97},"end":{"line":107,"column":null}}],"line":107},"8":{"loc":{"start":{"line":112,"column":16},"end":{"line":112,"column":null}},"type":"cond-expr","locations":[{"start":{"line":112,"column":34},"end":{"line":112,"column":75}},{"start":{"line":112,"column":75},"end":{"line":112,"column":null}}],"line":112},"9":{"loc":{"start":{"line":119,"column":2},"end":{"line":141,"column":null}},"type":"if","locations":[{"start":{"line":119,"column":2},"end":{"line":141,"column":null}},{"start":{},"end":{}}],"line":119},"10":{"loc":{"start":{"line":121,"column":21},"end":{"line":122,"column":null}},"type":"binary-expr","locations":[{"start":{"line":121,"column":21},"end":{"line":121,"column":null}},{"start":{"line":122,"column":6},"end":{"line":122,"column":null}}],"line":121},"11":{"loc":{"start":{"line":125,"column":4},"end":{"line":140,"column":null}},"type":"switch","locations":[{"start":{"line":126,"column":6},"end":{"line":127,"column":null}},{"start":{"line":128,"column":6},"end":{"line":130,"column":null}},{"start":{"line":131,"column":6},"end":{"line":133,"column":null}},{"start":{"line":134,"column":6},"end":{"line":136,"column":null}},{"start":{"line":137,"column":6},"end":{"line":139,"column":null}}],"line":125},"12":{"loc":{"start":{"line":129,"column":8},"end":{"line":129,"column":null}},"type":"if","locations":[{"start":{"line":129,"column":8},"end":{"line":129,"column":null}},{"start":{},"end":{}}],"line":129},"13":{"loc":{"start":{"line":132,"column":8},"end":{"line":132,"column":null}},"type":"if","locations":[{"start":{"line":132,"column":8},"end":{"line":132,"column":null}},{"start":{},"end":{}}],"line":132},"14":{"loc":{"start":{"line":135,"column":8},"end":{"line":135,"column":null}},"type":"if","locations":[{"start":{"line":135,"column":8},"end":{"line":135,"column":null}},{"start":{},"end":{}}],"line":135},"15":{"loc":{"start":{"line":138,"column":8},"end":{"line":138,"column":null}},"type":"if","locations":[{"start":{"line":138,"column":8},"end":{"line":138,"column":null}},{"start":{},"end":{}}],"line":138},"16":{"loc":{"start":{"line":143,"column":2},"end":{"line":166,"column":null}},"type":"if","locations":[{"start":{"line":143,"column":2},"end":{"line":166,"column":null}},{"start":{},"end":{}}],"line":143},"17":{"loc":{"start":{"line":143,"column":6},"end":{"line":143,"column":45}},"type":"binary-expr","locations":[{"start":{"line":143,"column":6},"end":{"line":143,"column":21}},{"start":{"line":143,"column":21},"end":{"line":143,"column":45}}],"line":143},"18":{"loc":{"start":{"line":145,"column":4},"end":{"line":165,"column":null}},"type":"switch","locations":[{"start":{"line":146,"column":6},"end":{"line":147,"column":null}},{"start":{"line":148,"column":6},"end":{"line":152,"column":null}},{"start":{"line":153,"column":6},"end":{"line":157,"column":null}},{"start":{"line":158,"column":6},"end":{"line":159,"column":null}},{"start":{"line":160,"column":6},"end":{"line":164,"column":null}}],"line":145},"19":{"loc":{"start":{"line":168,"column":2},"end":{"line":176,"column":null}},"type":"if","locations":[{"start":{"line":168,"column":2},"end":{"line":176,"column":null}},{"start":{},"end":{}}],"line":168},"20":{"loc":{"start":{"line":168,"column":6},"end":{"line":168,"column":67}},"type":"binary-expr","locations":[{"start":{"line":168,"column":6},"end":{"line":168,"column":22}},{"start":{"line":168,"column":22},"end":{"line":168,"column":46}},{"start":{"line":168,"column":46},"end":{"line":168,"column":67}}],"line":168},"21":{"loc":{"start":{"line":170,"column":24},"end":{"line":172,"column":null}},"type":"cond-expr","locations":[{"start":{"line":171,"column":8},"end":{"line":171,"column":null}},{"start":{"line":172,"column":8},"end":{"line":172,"column":null}}],"line":170},"22":{"loc":{"start":{"line":173,"column":4},"end":{"line":175,"column":null}},"type":"if","locations":[{"start":{"line":173,"column":4},"end":{"line":175,"column":null}},{"start":{},"end":{}}],"line":173},"23":{"loc":{"start":{"line":178,"column":2},"end":{"line":197,"column":null}},"type":"if","locations":[{"start":{"line":178,"column":2},"end":{"line":197,"column":null}},{"start":{},"end":{}}],"line":178},"24":{"loc":{"start":{"line":179,"column":16},"end":{"line":179,"column":null}},"type":"binary-expr","locations":[{"start":{"line":179,"column":16},"end":{"line":179,"column":48}},{"start":{"line":179,"column":48},"end":{"line":179,"column":null}}],"line":179},"25":{"loc":{"start":{"line":180,"column":4},"end":{"line":196,"column":null}},"type":"switch","locations":[{"start":{"line":181,"column":6},"end":{"line":182,"column":null}},{"start":{"line":183,"column":6},"end":{"line":183,"column":null}},{"start":{"line":184,"column":6},"end":{"line":188,"column":null}},{"start":{"line":189,"column":6},"end":{"line":193,"column":null}},{"start":{"line":194,"column":6},"end":{"line":195,"column":null}}],"line":180},"26":{"loc":{"start":{"line":185,"column":8},"end":{"line":187,"column":null}},"type":"if","locations":[{"start":{"line":185,"column":8},"end":{"line":187,"column":null}},{"start":{},"end":{}}],"line":185},"27":{"loc":{"start":{"line":185,"column":12},"end":{"line":185,"column":56}},"type":"binary-expr","locations":[{"start":{"line":185,"column":12},"end":{"line":185,"column":47}},{"start":{"line":185,"column":47},"end":{"line":185,"column":56}}],"line":185},"28":{"loc":{"start":{"line":190,"column":8},"end":{"line":192,"column":null}},"type":"if","locations":[{"start":{"line":190,"column":8},"end":{"line":192,"column":null}},{"start":{},"end":{}}],"line":190},"29":{"loc":{"start":{"line":190,"column":12},"end":{"line":190,"column":44}},"type":"binary-expr","locations":[{"start":{"line":190,"column":12},"end":{"line":190,"column":23}},{"start":{"line":190,"column":23},"end":{"line":190,"column":44}}],"line":190},"30":{"loc":{"start":{"line":199,"column":2},"end":{"line":206,"column":null}},"type":"if","locations":[{"start":{"line":199,"column":2},"end":{"line":206,"column":null}},{"start":{},"end":{}}],"line":199},"31":{"loc":{"start":{"line":199,"column":6},"end":{"line":199,"column":77}},"type":"binary-expr","locations":[{"start":{"line":199,"column":6},"end":{"line":199,"column":41}},{"start":{"line":199,"column":41},"end":{"line":199,"column":77}}],"line":199},"32":{"loc":{"start":{"line":200,"column":4},"end":{"line":205,"column":null}},"type":"if","locations":[{"start":{"line":200,"column":4},"end":{"line":205,"column":null}},{"start":{},"end":{}}],"line":200},"33":{"loc":{"start":{"line":200,"column":8},"end":{"line":200,"column":57}},"type":"binary-expr","locations":[{"start":{"line":200,"column":8},"end":{"line":200,"column":34}},{"start":{"line":200,"column":34},"end":{"line":200,"column":57}}],"line":200},"34":{"loc":{"start":{"line":202,"column":6},"end":{"line":204,"column":null}},"type":"if","locations":[{"start":{"line":202,"column":6},"end":{"line":204,"column":null}},{"start":{},"end":{}}],"line":202},"35":{"loc":{"start":{"line":217,"column":2},"end":{"line":263,"column":null}},"type":"switch","locations":[{"start":{"line":218,"column":4},"end":{"line":226,"column":null}},{"start":{"line":227,"column":4},"end":{"line":235,"column":null}},{"start":{"line":236,"column":4},"end":{"line":244,"column":null}},{"start":{"line":245,"column":4},"end":{"line":253,"column":null}},{"start":{"line":254,"column":4},"end":{"line":262,"column":null}}],"line":217},"36":{"loc":{"start":{"line":264,"column":2},"end":{"line":264,"column":null}},"type":"if","locations":[{"start":{"line":264,"column":2},"end":{"line":264,"column":null}},{"start":{},"end":{}}],"line":264}},"s":{"0":5035,"1":16310,"2":5035,"3":5035,"4":5035,"5":5035,"6":4622,"7":4622,"8":4622,"9":4622,"10":4622,"11":4622,"12":4622,"13":4622,"14":4622,"15":164,"16":1,"17":1,"18":1,"19":1,"20":0,"21":0,"22":0,"23":0,"24":1,"25":1,"26":0,"27":0,"28":0,"29":0,"30":0,"31":0,"32":0,"33":0,"34":1,"35":1,"36":1,"37":1,"38":1,"39":1,"40":0,"41":0,"42":0,"43":0,"44":1,"45":1,"46":1,"47":0,"48":0,"49":0,"50":0,"51":0,"52":0,"53":1,"54":1,"55":1,"56":0,"57":0,"58":0,"59":0,"60":0,"61":1,"62":4,"63":1,"64":1,"65":0,"66":0,"67":0,"68":0,"69":0,"70":1,"71":0,"72":0,"73":0,"74":0,"75":1,"76":1,"77":1,"78":0,"79":1,"80":0,"81":1,"82":0,"83":0,"84":0,"85":0,"86":1,"87":1,"88":1,"89":1,"90":0,"91":1,"92":5035,"93":5035,"94":5035,"95":5035,"96":5035,"97":413,"98":413,"99":1875,"100":1875,"101":1663,"102":1663,"103":671,"104":671,"105":413,"106":413,"107":5035,"108":1,"109":5034},"f":{"0":5035,"1":16310,"2":5035,"3":4622,"4":4622,"5":164,"6":1,"7":0,"8":4,"9":0,"10":5035},"b":{"0":[5035,0],"1":[4622,0],"2":[4622,736],"3":[4622,0],"4":[3652,970],"5":[1,0],"6":[0,0,1,0,0],"7":[0,0],"8":[0,0],"9":[1,0],"10":[1,0],"11":[0,0,1,0,0],"12":[0,0],"13":[1,0],"14":[0,0],"15":[0,0],"16":[1,0],"17":[1,1],"18":[0,0,1,0,0],"19":[0,1],"20":[1,1,0],"21":[0,0],"22":[0,0],"23":[1,0],"24":[1,0],"25":[0,0,1,0,0],"26":[0,1],"27":[1,0],"28":[0,0],"29":[0,0],"30":[1,0],"31":[1,1],"32":[1,0],"33":[1,1],"34":[0,1],"35":[413,1875,1663,671,413],"36":[1,5034]},"meta":{"lastBranch":37,"lastFunction":11,"lastStatement":110,"seen":{"f:26:9:26:22":0,"s:27:15:27:Infinity":0,"f:27:45:27:51":1,"s:27:60:27:75":1,"s:28:2:28:Infinity":2,"b:28:16:28:32:28:32:28:Infinity":0,"f:31:9:31:18":2,"s:32:18:32:Infinity":3,"s:34:5:35:Infinity":4,"s:36:2:36:Infinity":5,"f:40:9:40:24":3,"s:41:17:41:Infinity":6,"s:42:18:42:Infinity":7,"b:42:18:42:48:42:48:42:Infinity":1,"s:43:15:43:Infinity":8,"b:43:15:43:41:43:41:43:Infinity":2,"s:44:2:44:Infinity":9,"b:44:51:44:68:44:68:44:69":3,"f:48:9:48:22":4,"s:49:14:49:Infinity":10,"s:50:16:50:Infinity":11,"s:52:4:54:Infinity":12,"b:53:8:53:Infinity:54:8:54:Infinity":4,"s:55:17:55:Infinity":13,"s:56:2:56:Infinity":14,"f:74:16:74:33":5,"s:75:2:75:Infinity":15,"f:79:9:79:Infinity":6,"s:84:12:84:Infinity":16,"b:86:2:117:Infinity:undefined:undefined:undefined:undefined":5,"s:86:2:117:Infinity":17,"s:87:21:87:Infinity":18,"b:89:6:91:Infinity:92:6:94:Infinity:95:6:100:Infinity:101:6:103:Infinity:104:6:115:Infinity":6,"s:88:4:116:Infinity":19,"s:90:8:90:Infinity":20,"s:91:8:91:Infinity":21,"s:93:8:93:Infinity":22,"s:94:8:94:Infinity":23,"s:96:8:99:Infinity":24,"s:100:8:100:Infinity":25,"s:102:8:102:Infinity":26,"s:103:8:103:Infinity":27,"s:105:20:105:Infinity":28,"s:106:27:106:Infinity":29,"s:107:30:107:Infinity":30,"b:107:59:107:97:107:97:107:Infinity":7,"s:108:32:108:Infinity":31,"s:109:8:113:Infinity":32,"b:112:34:112:75:112:75:112:Infinity":8,"s:114:8:114:Infinity":33,"b:119:2:141:Infinity:undefined:undefined:undefined:undefined":9,"s:119:2:141:Infinity":34,"s:120:16:120:Infinity":35,"s:121:21:122:Infinity":36,"b:121:21:121:Infinity:122:6:122:Infinity":10,"s:123:18:123:Infinity":37,"s:124:17:124:Infinity":38,"b:126:6:127:Infinity:128:6:130:Infinity:131:6:133:Infinity:134:6:136:Infinity:137:6:139:Infinity":11,"s:125:4:140:Infinity":39,"s:127:8:127:Infinity":40,"b:129:8:129:Infinity:undefined:undefined:undefined:undefined":12,"s:129:8:129:Infinity":41,"s:129:19:129:Infinity":42,"s:130:8:130:Infinity":43,"b:132:8:132:Infinity:undefined:undefined:undefined:undefined":13,"s:132:8:132:Infinity":44,"s:132:18:132:Infinity":45,"s:133:8:133:Infinity":46,"b:135:8:135:Infinity:undefined:undefined:undefined:undefined":14,"s:135:8:135:Infinity":47,"s:135:19:135:Infinity":48,"s:136:8:136:Infinity":49,"b:138:8:138:Infinity:undefined:undefined:undefined:undefined":15,"s:138:8:138:Infinity":50,"s:138:19:138:Infinity":51,"s:139:8:139:Infinity":52,"b:143:2:166:Infinity:undefined:undefined:undefined:undefined":16,"s:143:2:166:Infinity":53,"b:143:6:143:21:143:21:143:45":17,"s:144:22:144:Infinity":54,"b:146:6:147:Infinity:148:6:152:Infinity:153:6:157:Infinity:158:6:159:Infinity:160:6:164:Infinity":18,"s:145:4:165:Infinity":55,"s:147:8:147:Infinity":56,"s:149:25:149:Infinity":57,"f:149:40:149:46":7,"s:149:55:149:90":58,"s:150:8:150:Infinity":59,"s:151:8:151:Infinity":60,"s:154:21:154:Infinity":61,"f:154:36:154:42":8,"s:154:51:154:82":62,"s:155:8:155:Infinity":63,"s:156:8:156:Infinity":64,"s:159:8:159:Infinity":65,"s:161:25:161:Infinity":66,"f:161:40:161:46":9,"s:161:55:161:90":67,"s:162:8:162:Infinity":68,"s:163:8:163:Infinity":69,"b:168:2:176:Infinity:undefined:undefined:undefined:undefined":19,"s:168:2:176:Infinity":70,"b:168:6:168:22:168:22:168:46:168:46:168:67":20,"s:169:20:169:Infinity":71,"s:170:24:172:Infinity":72,"b:171:8:171:Infinity:172:8:172:Infinity":21,"b:173:4:175:Infinity:undefined:undefined:undefined:undefined":22,"s:173:4:175:Infinity":73,"s:174:6:174:Infinity":74,"b:178:2:197:Infinity:undefined:undefined:undefined:undefined":23,"s:178:2:197:Infinity":75,"s:179:16:179:Infinity":76,"b:179:16:179:48:179:48:179:Infinity":24,"b:181:6:182:Infinity:183:6:183:Infinity:184:6:188:Infinity:189:6:193:Infinity:194:6:195:Infinity":25,"s:180:4:196:Infinity":77,"s:182:8:182:Infinity":78,"b:185:8:187:Infinity:undefined:undefined:undefined:undefined":26,"s:185:8:187:Infinity":79,"b:185:12:185:47:185:47:185:56":27,"s:186:10:186:Infinity":80,"s:188:8:188:Infinity":81,"b:190:8:192:Infinity:undefined:undefined:undefined:undefined":28,"s:190:8:192:Infinity":82,"b:190:12:190:23:190:23:190:44":29,"s:191:10:191:Infinity":83,"s:193:8:193:Infinity":84,"s:195:8:195:Infinity":85,"b:199:2:206:Infinity:undefined:undefined:undefined:undefined":30,"s:199:2:206:Infinity":86,"b:199:6:199:41:199:41:199:77":31,"b:200:4:205:Infinity:undefined:undefined:undefined:undefined":32,"s:200:4:205:Infinity":87,"b:200:8:200:34:200:34:200:57":33,"s:201:19:201:Infinity":88,"b:202:6:204:Infinity:undefined:undefined:undefined:undefined":34,"s:202:6:204:Infinity":89,"s:203:8:203:Infinity":90,"s:208:2:208:Infinity":91,"f:211:16:211:29":10,"s:212:14:212:Infinity":92,"s:213:22:213:Infinity":93,"s:214:14:214:Infinity":94,"s:215:15:215:Infinity":95,"b:218:4:226:Infinity:227:4:235:Infinity:236:4:244:Infinity:245:4:253:Infinity:254:4:262:Infinity":35,"s:217:2:263:Infinity":96,"s:219:6:225:Infinity":97,"s:226:6:226:Infinity":98,"s:228:6:234:Infinity":99,"s:235:6:235:Infinity":100,"s:237:6:243:Infinity":101,"s:244:6:244:Infinity":102,"s:246:6:252:Infinity":103,"s:253:6:253:Infinity":104,"s:255:6:261:Infinity":105,"s:262:6:262:Infinity":106,"b:264:2:264:Infinity:undefined:undefined:undefined:undefined":36,"s:264:2:264:Infinity":107,"s:264:33:264:Infinity":108,"s:265:2:265:Infinity":109},"fnNames":{}}}
,"/home/user/business-arena/src/engine/costs/breakeven.ts": {"path":"/home/user/business-arena/src/engine/costs/breakeven.ts","statementMap":{"0":{"start":{"line":18,"column":21},"end":{"line":18,"column":null}},"1":{"start":{"line":19,"column":18},"end":{"line":19,"column":null}},"2":{"start":{"line":20,"column":25},"end":{"line":20,"column":null}},"3":{"start":{"line":21,"column":27},"end":{"line":21,"column":null}},"4":{"start":{"line":22,"column":23},"end":{"line":22,"column":null}},"5":{"start":{"line":23,"column":2},"end":{"line":28,"column":null}},"6":{"start":{"line":40,"column":2},"end":{"line":40,"column":null}},"7":{"start":{"line":40,"column":65},"end":{"line":40,"column":null}},"8":{"start":{"line":41,"column":2},"end":{"line":41,"column":null}}},"fnMap":{"0":{"name":"computeBreakeven","decl":{"start":{"line":12,"column":16},"end":{"line":12,"column":33}},"loc":{"start":{"line":17,"column":20},"end":{"line":29,"column":null}},"line":17},"1":{"name":"deadPointDay","decl":{"start":{"line":35,"column":16},"end":{"line":35,"column":29}},"loc":{"start":{"line":39,"column":18},"end":{"line":42,"column":null}},"line":39}},"branchMap":{"0":{"loc":{"start":{"line":19,"column":18},"end":{"line":19,"column":null}},"type":"cond-expr","locations":[{"start":{"line":19,"column":35},"end":{"line":19,"column":61}},{"start":{"line":19,"column":61},"end":{"line":19,"column":null}}],"line":19},"1":{"loc":{"start":{"line":20,"column":25},"end":{"line":20,"column":null}},"type":"cond-expr","locations":[{"start":{"line":20,"column":42},"end":{"line":20,"column":73}},{"start":{"line":20,"column":73},"end":{"line":20,"column":null}}],"line":20},"2":{"loc":{"start":{"line":21,"column":27},"end":{"line":21,"column":null}},"type":"cond-expr","locations":[{"start":{"line":21,"column":41},"end":{"line":21,"column":69}},{"start":{"line":21,"column":69},"end":{"line":21,"column":null}}],"line":21},"3":{"loc":{"start":{"line":27,"column":17},"end":{"line":27,"column":null}},"type":"cond-expr","locations":[{"start":{"line":27,"column":36},"end":{"line":27,"column":66}},{"start":{"line":27,"column":66},"end":{"line":27,"column":null}}],"line":27},"4":{"loc":{"start":{"line":40,"column":2},"end":{"line":40,"column":null}},"type":"if","locations":[{"start":{"line":40,"column":2},"end":{"line":40,"column":null}},{"start":{},"end":{}}],"line":40},"5":{"loc":{"start":{"line":40,"column":6},"end":{"line":40,"column":65}},"type":"binary-expr","locations":[{"start":{"line":40,"column":6},"end":{"line":40,"column":27}},{"start":{"line":40,"column":27},"end":{"line":40,"column":65}}],"line":40}},"s":{"0":5330,"1":5330,"2":5330,"3":5330,"4":5330,"5":5330,"6":2,"7":1,"8":1},"f":{"0":5330,"1":2},"b":{"0":[5330,0],"1":[5305,25],"2":[5305,25],"3":[5329,1],"4":[1,1],"5":[2,2]},"meta":{"lastBranch":6,"lastFunction":2,"lastStatement":9,"seen":{"f:12:16:12:33":0,"s:18:21:18:Infinity":0,"s:19:18:19:Infinity":1,"b:19:35:19:61:19:61:19:Infinity":0,"s:20:25:20:Infinity":2,"b:20:42:20:73:20:73:20:Infinity":1,"s:21:27:21:Infinity":3,"b:21:41:21:69:21:69:21:Infinity":2,"s:22:23:22:Infinity":4,"s:23:2:28:Infinity":5,"b:27:36:27:66:27:66:27:Infinity":3,"f:35:16:35:29":1,"b:40:2:40:Infinity:undefined:undefined:undefined:undefined":4,"s:40:2:40:Infinity":6,"b:40:6:40:27:40:27:40:65":5,"s:40:65:40:Infinity":7,"s:41:2:41:Infinity":8},"fnNames":{}}}
,"/home/user/business-arena/src/engine/costs/index.ts": {"path":"/home/user/business-arena/src/engine/costs/index.ts","statementMap":{"0":{"start":{"line":7,"column":2},"end":{"line":7,"column":null}},"1":{"start":{"line":12,"column":2},"end":{"line":12,"column":null}},"2":{"start":{"line":17,"column":2},"end":{"line":17,"column":null}},"3":{"start":{"line":22,"column":2},"end":{"line":22,"column":null}},"4":{"start":{"line":25,"column":2},"end":{"line":25,"column":null}},"5":{"start":{"line":38,"column":2},"end":{"line":38,"column":null}}},"fnMap":{"0":{"name":"unitVariableCost","decl":{"start":{"line":6,"column":16},"end":{"line":6,"column":33}},"loc":{"start":{"line":6,"column":90},"end":{"line":8,"column":null}},"line":6},"1":{"name":"unitContributionMargin","decl":{"start":{"line":11,"column":16},"end":{"line":11,"column":39}},"loc":{"start":{"line":11,"column":75},"end":{"line":13,"column":null}},"line":11},"2":{"name":"contributionMarginRate","decl":{"start":{"line":16,"column":16},"end":{"line":16,"column":39}},"loc":{"start":{"line":16,"column":75},"end":{"line":18,"column":null}},"line":16},"3":{"name":"markupRate","decl":{"start":{"line":21,"column":16},"end":{"line":21,"column":27}},"loc":{"start":{"line":21,"column":64},"end":{"line":23,"column":null}},"line":21},"4":{"name":"marginRate","decl":{"start":{"line":24,"column":16},"end":{"line":24,"column":27}},"loc":{"start":{"line":24,"column":64},"end":{"line":26,"column":null}},"line":24},"5":{"name":"incrementalContribution","decl":{"start":{"line":32,"column":16},"end":{"line":32,"column":40}},"loc":{"start":{"line":37,"column":11},"end":{"line":39,"column":null}},"line":37}},"branchMap":{"0":{"loc":{"start":{"line":17,"column":9},"end":{"line":17,"column":null}},"type":"cond-expr","locations":[{"start":{"line":17,"column":17},"end":{"line":17,"column":45}},{"start":{"line":17,"column":45},"end":{"line":17,"column":null}}],"line":17},"1":{"loc":{"start":{"line":22,"column":9},"end":{"line":22,"column":null}},"type":"cond-expr","locations":[{"start":{"line":22,"column":16},"end":{"line":22,"column":44}},{"start":{"line":22,"column":44},"end":{"line":22,"column":null}}],"line":22},"2":{"loc":{"start":{"line":25,"column":9},"end":{"line":25,"column":null}},"type":"cond-expr","locations":[{"start":{"line":25,"column":17},"end":{"line":25,"column":46}},{"start":{"line":25,"column":46},"end":{"line":25,"column":null}}],"line":25}},"s":{"0":5330,"1":1,"2":1,"3":1,"4":1,"5":1},"f":{"0":5330,"1":1,"2":1,"3":1,"4":1,"5":1},"b":{"0":[1,0],"1":[1,0],"2":[1,0]},"meta":{"lastBranch":3,"lastFunction":6,"lastStatement":6,"seen":{"f:6:16:6:33":0,"s:7:2:7:Infinity":0,"f:11:16:11:39":1,"s:12:2:12:Infinity":1,"f:16:16:16:39":2,"s:17:2:17:Infinity":2,"b:17:17:17:45:17:45:17:Infinity":0,"f:21:16:21:27":3,"s:22:2:22:Infinity":3,"b:22:16:22:44:22:44:22:Infinity":1,"f:24:16:24:27":4,"s:25:2:25:Infinity":4,"b:25:17:25:46:25:46:25:Infinity":2,"f:32:16:32:40":5,"s:38:2:38:Infinity":5},"fnNames":{}}}
,"/home/user/business-arena/src/engine/events/index.ts": {"path":"/home/user/business-arena/src/engine/events/index.ts","statementMap":{"0":{"start":{"line":35,"column":33},"end":{"line":35,"column":null}},"1":{"start":{"line":36,"column":22},"end":{"line":36,"column":null}},"2":{"start":{"line":36,"column":54},"end":{"line":36,"column":60}},"3":{"start":{"line":39,"column":2},"end":{"line":51,"column":null}},"4":{"start":{"line":40,"column":4},"end":{"line":40,"column":null}},"5":{"start":{"line":40,"column":32},"end":{"line":40,"column":null}},"6":{"start":{"line":41,"column":16},"end":{"line":41,"column":null}},"7":{"start":{"line":41,"column":44},"end":{"line":41,"column":66}},"8":{"start":{"line":42,"column":4},"end":{"line":42,"column":null}},"9":{"start":{"line":42,"column":43},"end":{"line":42,"column":null}},"10":{"start":{"line":43,"column":4},"end":{"line":50,"column":null}},"11":{"start":{"line":54,"column":2},"end":{"line":69,"column":null}},"12":{"start":{"line":55,"column":4},"end":{"line":55,"column":null}},"13":{"start":{"line":55,"column":55},"end":{"line":55,"column":74}},"14":{"start":{"line":55,"column":77},"end":{"line":55,"column":null}},"15":{"start":{"line":56,"column":4},"end":{"line":56,"column":null}},"16":{"start":{"line":56,"column":65},"end":{"line":56,"column":null}},"17":{"start":{"line":57,"column":4},"end":{"line":57,"column":null}},"18":{"start":{"line":57,"column":39},"end":{"line":57,"column":null}},"19":{"start":{"line":59,"column":6},"end":{"line":61,"column":null}},"20":{"start":{"line":62,"column":4},"end":{"line":68,"column":null}},"21":{"start":{"line":71,"column":2},"end":{"line":71,"column":null}},"22":{"start":{"line":79,"column":34},"end":{"line":87,"column":null}},"23":{"start":{"line":88,"column":2},"end":{"line":91,"column":null}},"24":{"start":{"line":89,"column":4},"end":{"line":89,"column":null}},"25":{"start":{"line":89,"column":68},"end":{"line":89,"column":null}},"26":{"start":{"line":90,"column":4},"end":{"line":90,"column":null}},"27":{"start":{"line":90,"column":37},"end":{"line":90,"column":null}},"28":{"start":{"line":92,"column":2},"end":{"line":92,"column":null}},"29":{"start":{"line":96,"column":8},"end":{"line":96,"column":null}},"30":{"start":{"line":96,"column":40},"end":{"line":96,"column":null}},"31":{"start":{"line":97,"column":2},"end":{"line":108,"column":null}},"32":{"start":{"line":97,"column":36},"end":{"line":97,"column":null}},"33":{"start":{"line":98,"column":7},"end":{"line":108,"column":null}},"34":{"start":{"line":98,"column":40},"end":{"line":98,"column":null}},"35":{"start":{"line":99,"column":7},"end":{"line":108,"column":null}},"36":{"start":{"line":99,"column":41},"end":{"line":99,"column":null}},"37":{"start":{"line":100,"column":7},"end":{"line":108,"column":null}},"38":{"start":{"line":100,"column":33},"end":{"line":100,"column":null}},"39":{"start":{"line":101,"column":7},"end":{"line":108,"column":null}},"40":{"start":{"line":101,"column":39},"end":{"line":101,"column":null}},"41":{"start":{"line":102,"column":7},"end":{"line":108,"column":null}},"42":{"start":{"line":102,"column":45},"end":{"line":102,"column":null}},"43":{"start":{"line":103,"column":7},"end":{"line":108,"column":null}},"44":{"start":{"line":104,"column":4},"end":{"line":104,"column":null}},"45":{"start":{"line":105,"column":9},"end":{"line":108,"column":null}},"46":{"start":{"line":106,"column":16},"end":{"line":106,"column":null}},"47":{"start":{"line":107,"column":4},"end":{"line":107,"column":null}},"48":{"start":{"line":109,"column":2},"end":{"line":109,"column":null}},"49":{"start":{"line":114,"column":2},"end":{"line":114,"column":null}},"50":{"start":{"line":119,"column":2},"end":{"line":121,"column":null}},"51":{"start":{"line":120,"column":17},"end":{"line":120,"column":56}},"52":{"start":{"line":121,"column":19},"end":{"line":121,"column":35}}},"fnMap":{"0":{"name":"drawEvents","decl":{"start":{"line":28,"column":16},"end":{"line":28,"column":null}},"loc":{"start":{"line":34,"column":55},"end":{"line":72,"column":null}},"line":34},"1":{"name":"(anonymous_1)","decl":{"start":{"line":36,"column":43},"end":{"line":36,"column":48}},"loc":{"start":{"line":36,"column":54},"end":{"line":36,"column":60}},"line":36},"2":{"name":"(anonymous_2)","decl":{"start":{"line":41,"column":32},"end":{"line":41,"column":38}},"loc":{"start":{"line":41,"column":44},"end":{"line":41,"column":66}},"line":41},"3":{"name":"(anonymous_3)","decl":{"start":{"line":55,"column":43},"end":{"line":55,"column":49}},"loc":{"start":{"line":55,"column":55},"end":{"line":55,"column":74}},"line":55},"4":{"name":"effectiveModifiers","decl":{"start":{"line":75,"column":16},"end":{"line":75,"column":null}},"loc":{"start":{"line":78,"column":22},"end":{"line":93,"column":null}},"line":78},"5":{"name":"apply","decl":{"start":{"line":95,"column":9},"end":{"line":95,"column":15}},"loc":{"start":{"line":95,"column":82},"end":{"line":110,"column":null}},"line":95},"6":{"name":"(anonymous_6)","decl":{"start":{"line":96,"column":8},"end":{"line":96,"column":19}},"loc":{"start":{"line":96,"column":40},"end":{"line":96,"column":null}},"line":96},"7":{"name":"demandMultiplierFor","decl":{"start":{"line":113,"column":16},"end":{"line":113,"column":36}},"loc":{"start":{"line":113,"column":91},"end":{"line":115,"column":null}},"line":113},"8":{"name":"tickEvents","decl":{"start":{"line":118,"column":16},"end":{"line":118,"column":27}},"loc":{"start":{"line":118,"column":69},"end":{"line":122,"column":null}},"line":118},"9":{"name":"(anonymous_9)","decl":{"start":{"line":120,"column":5},"end":{"line":120,"column":10}},"loc":{"start":{"line":120,"column":17},"end":{"line":120,"column":56}},"line":120},"10":{"name":"(anonymous_10)","decl":{"start":{"line":121,"column":5},"end":{"line":121,"column":13}},"loc":{"start":{"line":121,"column":19},"end":{"line":121,"column":35}},"line":121}},"branchMap":{"0":{"loc":{"start":{"line":40,"column":4},"end":{"line":40,"column":null}},"type":"if","locations":[{"start":{"line":40,"column":4},"end":{"line":40,"column":null}},{"start":{},"end":{}}],"line":40},"1":{"loc":{"start":{"line":42,"column":4},"end":{"line":42,"column":null}},"type":"if","locations":[{"start":{"line":42,"column":4},"end":{"line":42,"column":null}},{"start":{},"end":{}}],"line":42},"2":{"loc":{"start":{"line":42,"column":8},"end":{"line":42,"column":43}},"type":"binary-expr","locations":[{"start":{"line":42,"column":8},"end":{"line":42,"column":16}},{"start":{"line":42,"column":16},"end":{"line":42,"column":43}}],"line":42},"3":{"loc":{"start":{"line":47,"column":8},"end":{"line":47,"column":null}},"type":"cond-expr","locations":[{"start":{"line":47,"column":34},"end":{"line":47,"column":71}},{"start":{"line":47,"column":71},"end":{"line":47,"column":null}}],"line":47},"4":{"loc":{"start":{"line":47,"column":44},"end":{"line":47,"column":64}},"type":"binary-expr","locations":[{"start":{"line":47,"column":44},"end":{"line":47,"column":62}},{"start":{"line":47,"column":62},"end":{"line":47,"column":64}}],"line":47},"5":{"loc":{"start":{"line":55,"column":4},"end":{"line":55,"column":null}},"type":"if","locations":[{"start":{"line":55,"column":4},"end":{"line":55,"column":null}},{"start":{},"end":{}}],"line":55},"6":{"loc":{"start":{"line":55,"column":8},"end":{"line":55,"column":77}},"type":"binary-expr","locations":[{"start":{"line":55,"column":8},"end":{"line":55,"column":37}},{"start":{"line":55,"column":37},"end":{"line":55,"column":77}}],"line":55},"7":{"loc":{"start":{"line":56,"column":4},"end":{"line":56,"column":null}},"type":"if","locations":[{"start":{"line":56,"column":4},"end":{"line":56,"column":null}},{"start":{},"end":{}}],"line":56},"8":{"loc":{"start":{"line":56,"column":8},"end":{"line":56,"column":65}},"type":"binary-expr","locations":[{"start":{"line":56,"column":8},"end":{"line":56,"column":38}},{"start":{"line":56,"column":38},"end":{"line":56,"column":65}}],"line":56},"9":{"loc":{"start":{"line":57,"column":4},"end":{"line":57,"column":null}},"type":"if","locations":[{"start":{"line":57,"column":4},"end":{"line":57,"column":null}},{"start":{},"end":{}}],"line":57},"10":{"loc":{"start":{"line":59,"column":6},"end":{"line":61,"column":null}},"type":"cond-expr","locations":[{"start":{"line":60,"column":10},"end":{"line":60,"column":null}},{"start":{"line":61,"column":10},"end":{"line":61,"column":null}}],"line":59},"11":{"loc":{"start":{"line":89,"column":4},"end":{"line":89,"column":null}},"type":"if","locations":[{"start":{"line":89,"column":4},"end":{"line":89,"column":null}},{"start":{},"end":{}}],"line":89},"12":{"loc":{"start":{"line":89,"column":8},"end":{"line":89,"column":68}},"type":"binary-expr","locations":[{"start":{"line":89,"column":8},"end":{"line":89,"column":37}},{"start":{"line":89,"column":37},"end":{"line":89,"column":68}}],"line":89},"13":{"loc":{"start":{"line":96,"column":40},"end":{"line":96,"column":null}},"type":"cond-expr","locations":[{"start":{"line":96,"column":57},"end":{"line":96,"column":77}},{"start":{"line":96,"column":77},"end":{"line":96,"column":null}}],"line":96},"14":{"loc":{"start":{"line":97,"column":2},"end":{"line":108,"column":null}},"type":"if","locations":[{"start":{"line":97,"column":2},"end":{"line":108,"column":null}},{"start":{"line":98,"column":7},"end":{"line":108,"column":null}}],"line":97},"15":{"loc":{"start":{"line":98,"column":7},"end":{"line":108,"column":null}},"type":"if","locations":[{"start":{"line":98,"column":7},"end":{"line":108,"column":null}},{"start":{"line":99,"column":7},"end":{"line":108,"column":null}}],"line":98},"16":{"loc":{"start":{"line":99,"column":7},"end":{"line":108,"column":null}},"type":"if","locations":[{"start":{"line":99,"column":7},"end":{"line":108,"column":null}},{"start":{"line":100,"column":7},"end":{"line":108,"column":null}}],"line":99},"17":{"loc":{"start":{"line":100,"column":7},"end":{"line":108,"column":null}},"type":"if","locations":[{"start":{"line":100,"column":7},"end":{"line":108,"column":null}},{"start":{"line":101,"column":7},"end":{"line":108,"column":null}}],"line":100},"18":{"loc":{"start":{"line":101,"column":7},"end":{"line":108,"column":null}},"type":"if","locations":[{"start":{"line":101,"column":7},"end":{"line":108,"column":null}},{"start":{"line":102,"column":7},"end":{"line":108,"column":null}}],"line":101},"19":{"loc":{"start":{"line":102,"column":7},"end":{"line":108,"column":null}},"type":"if","locations":[{"start":{"line":102,"column":7},"end":{"line":108,"column":null}},{"start":{"line":103,"column":7},"end":{"line":108,"column":null}}],"line":102},"20":{"loc":{"start":{"line":103,"column":7},"end":{"line":108,"column":null}},"type":"if","locations":[{"start":{"line":103,"column":7},"end":{"line":108,"column":null}},{"start":{"line":105,"column":9},"end":{"line":108,"column":null}}],"line":103},"21":{"loc":{"start":{"line":104,"column":40},"end":{"line":104,"column":70}},"type":"binary-expr","locations":[{"start":{"line":104,"column":40},"end":{"line":104,"column":69}},{"start":{"line":104,"column":69},"end":{"line":104,"column":70}}],"line":104},"22":{"loc":{"start":{"line":105,"column":9},"end":{"line":108,"column":null}},"type":"if","locations":[{"start":{"line":105,"column":9},"end":{"line":108,"column":null}},{"start":{},"end":{}}],"line":105},"23":{"loc":{"start":{"line":107,"column":40},"end":{"line":107,"column":70}},"type":"binary-expr","locations":[{"start":{"line":107,"column":40},"end":{"line":107,"column":69}},{"start":{"line":107,"column":69},"end":{"line":107,"column":70}}],"line":107},"24":{"loc":{"start":{"line":114,"column":10},"end":{"line":114,"column":46}},"type":"binary-expr","locations":[{"start":{"line":114,"column":10},"end":{"line":114,"column":40}},{"start":{"line":114,"column":40},"end":{"line":114,"column":46}}],"line":114},"25":{"loc":{"start":{"line":114,"column":46},"end":{"line":114,"column":null}},"type":"binary-expr","locations":[{"start":{"line":114,"column":46},"end":{"line":114,"column":84}},{"start":{"line":114,"column":84},"end":{"line":114,"column":null}}],"line":114}},"s":{"0":1483,"1":1483,"2":191,"3":1483,"4":1392,"5":1160,"6":232,"7":918,"8":232,"9":0,"10":232,"11":1483,"12":21272,"13":5753,"14":419,"15":20853,"16":2139,"17":18714,"18":18477,"19":237,"20":21272,"21":1483,"22":6812,"23":6812,"24":2861,"25":9,"26":2852,"27":2860,"28":6812,"29":2860,"30":2850,"31":2860,"32":1610,"33":1250,"34":237,"35":1013,"36":340,"37":673,"38":6,"39":667,"40":2,"41":665,"42":2,"43":663,"44":407,"45":256,"46":256,"47":256,"48":2860,"49":4141,"50":1482,"51":660,"52":660},"f":{"0":1483,"1":191,"2":918,"3":5753,"4":6812,"5":2860,"6":2850,"7":4141,"8":1482,"9":660,"10":660},"b":{"0":[1160,232],"1":[0,232],"2":[232,232],"3":[0,232],"4":[0,0],"5":[419,20853],"6":[21272,21085],"7":[2139,18714],"8":[20853,8463],"9":[18477,237],"10":[1,236],"11":[9,2852],"12":[2861,17],"13":[2850,0],"14":[1610,1250],"15":[237,1013],"16":[340,673],"17":[6,667],"18":[2,665],"19":[2,663],"20":[407,256],"21":[407,407],"22":[256,0],"23":[256,256],"24":[4141,3877],"25":[4141,4096]},"meta":{"lastBranch":26,"lastFunction":11,"lastStatement":53,"seen":{"f:28:16:28:Infinity":0,"s:35:33:35:Infinity":0,"s:36:22:36:Infinity":1,"f:36:43:36:48":1,"s:36:54:36:60":2,"s:39:2:51:Infinity":3,"b:40:4:40:Infinity:undefined:undefined:undefined:undefined":0,"s:40:4:40:Infinity":4,"s:40:32:40:Infinity":5,"s:41:16:41:Infinity":6,"f:41:32:41:38":2,"s:41:44:41:66":7,"b:42:4:42:Infinity:undefined:undefined:undefined:undefined":1,"s:42:4:42:Infinity":8,"b:42:8:42:16:42:16:42:43":2,"s:42:43:42:Infinity":9,"s:43:4:50:Infinity":10,"b:47:34:47:71:47:71:47:Infinity":3,"b:47:44:47:62:47:62:47:64":4,"s:54:2:69:Infinity":11,"b:55:4:55:Infinity:undefined:undefined:undefined:undefined":5,"s:55:4:55:Infinity":12,"b:55:8:55:37:55:37:55:77":6,"f:55:43:55:49":3,"s:55:55:55:74":13,"s:55:77:55:Infinity":14,"b:56:4:56:Infinity:undefined:undefined:undefined:undefined":7,"s:56:4:56:Infinity":15,"b:56:8:56:38:56:38:56:65":8,"s:56:65:56:Infinity":16,"b:57:4:57:Infinity:undefined:undefined:undefined:undefined":9,"s:57:4:57:Infinity":17,"s:57:39:57:Infinity":18,"s:59:6:61:Infinity":19,"b:60:10:60:Infinity:61:10:61:Infinity":10,"s:62:4:68:Infinity":20,"s:71:2:71:Infinity":21,"f:75:16:75:Infinity":4,"s:79:34:87:Infinity":22,"s:88:2:91:Infinity":23,"b:89:4:89:Infinity:undefined:undefined:undefined:undefined":11,"s:89:4:89:Infinity":24,"b:89:8:89:37:89:37:89:68":12,"s:89:68:89:Infinity":25,"s:90:4:90:Infinity":26,"s:90:37:90:Infinity":27,"s:92:2:92:Infinity":28,"f:95:9:95:15":5,"s:96:8:96:Infinity":29,"f:96:8:96:19":6,"s:96:40:96:Infinity":30,"b:96:57:96:77:96:77:96:Infinity":13,"b:97:2:108:Infinity:98:7:108:Infinity":14,"s:97:2:108:Infinity":31,"s:97:36:97:Infinity":32,"b:98:7:108:Infinity:99:7:108:Infinity":15,"s:98:7:108:Infinity":33,"s:98:40:98:Infinity":34,"b:99:7:108:Infinity:100:7:108:Infinity":16,"s:99:7:108:Infinity":35,"s:99:41:99:Infinity":36,"b:100:7:108:Infinity:101:7:108:Infinity":17,"s:100:7:108:Infinity":37,"s:100:33:100:Infinity":38,"b:101:7:108:Infinity:102:7:108:Infinity":18,"s:101:7:108:Infinity":39,"s:101:39:101:Infinity":40,"b:102:7:108:Infinity:103:7:108:Infinity":19,"s:102:7:108:Infinity":41,"s:102:45:102:Infinity":42,"b:103:7:108:Infinity:105:9:108:Infinity":20,"s:103:7:108:Infinity":43,"s:104:4:104:Infinity":44,"b:104:40:104:69:104:69:104:70":21,"b:105:9:108:Infinity:undefined:undefined:undefined:undefined":22,"s:105:9:108:Infinity":45,"s:106:16:106:Infinity":46,"s:107:4:107:Infinity":47,"b:107:40:107:69:107:69:107:70":23,"s:109:2:109:Infinity":48,"f:113:16:113:36":7,"s:114:2:114:Infinity":49,"b:114:10:114:40:114:40:114:46":24,"b:114:46:114:84:114:84:114:Infinity":25,"f:118:16:118:27":8,"s:119:2:121:Infinity":50,"f:120:5:120:10":9,"s:120:17:120:56":51,"f:121:5:121:13":10,"s:121:19:121:35":52},"fnNames":{}}}
,"/home/user/business-arena/src/engine/finance/bank.ts": {"path":"/home/user/business-arena/src/engine/finance/bank.ts","statementMap":{"0":{"start":{"line":18,"column":25},"end":{"line":18,"column":null}},"1":{"start":{"line":21,"column":2},"end":{"line":21,"column":null}},"2":{"start":{"line":26,"column":2},"end":{"line":26,"column":null}},"3":{"start":{"line":47,"column":27},"end":{"line":47,"column":null}},"4":{"start":{"line":48,"column":2},"end":{"line":51,"column":null}},"5":{"start":{"line":49,"column":20},"end":{"line":49,"column":null}},"6":{"start":{"line":50,"column":4},"end":{"line":50,"column":null}},"7":{"start":{"line":52,"column":2},"end":{"line":60,"column":null}},"8":{"start":{"line":53,"column":20},"end":{"line":58,"column":null}},"9":{"start":{"line":59,"column":4},"end":{"line":59,"column":null}},"10":{"start":{"line":61,"column":2},"end":{"line":61,"column":null}},"11":{"start":{"line":61,"column":27},"end":{"line":61,"column":null}},"12":{"start":{"line":62,"column":2},"end":{"line":62,"column":null}},"13":{"start":{"line":62,"column":41},"end":{"line":62,"column":52}},"14":{"start":{"line":74,"column":2},"end":{"line":74,"column":null}},"15":{"start":{"line":74,"column":26},"end":{"line":74,"column":null}},"16":{"start":{"line":75,"column":2},"end":{"line":75,"column":null}},"17":{"start":{"line":88,"column":12},"end":{"line":88,"column":null}},"18":{"start":{"line":89,"column":2},"end":{"line":92,"column":null}},"19":{"start":{"line":101,"column":2},"end":{"line":101,"column":null}}},"fnMap":{"0":{"name":"borne","decl":{"start":{"line":20,"column":9},"end":{"line":20,"column":15}},"loc":{"start":{"line":20,"column":60},"end":{"line":22,"column":null}},"line":20},"1":{"name":"confianceInitiale","decl":{"start":{"line":25,"column":16},"end":{"line":25,"column":34}},"loc":{"start":{"line":25,"column":73},"end":{"line":27,"column":null}},"line":25},"2":{"name":"fiabiliteDuPlan","decl":{"start":{"line":39,"column":16},"end":{"line":39,"column":32}},"loc":{"start":{"line":46,"column":18},"end":{"line":63,"column":null}},"line":46},"3":{"name":"(anonymous_3)","decl":{"start":{"line":62,"column":20},"end":{"line":62,"column":28}},"loc":{"start":{"line":62,"column":41},"end":{"line":62,"column":52}},"line":62},"4":{"name":"confianceSuivante","decl":{"start":{"line":69,"column":16},"end":{"line":69,"column":null}},"loc":{"start":{"line":73,"column":10},"end":{"line":76,"column":null}},"line":73},"5":{"name":"conditionsBancaires","decl":{"start":{"line":83,"column":16},"end":{"line":83,"column":null}},"loc":{"start":{"line":87,"column":59},"end":{"line":93,"column":null}},"line":87},"6":{"name":"planDepose","decl":{"start":{"line":100,"column":16},"end":{"line":100,"column":27}},"loc":{"start":{"line":100,"column":74},"end":{"line":102,"column":null}},"line":100}},"branchMap":{"0":{"loc":{"start":{"line":26,"column":9},"end":{"line":26,"column":null}},"type":"binary-expr","locations":[{"start":{"line":26,"column":9},"end":{"line":26,"column":28}},{"start":{"line":26,"column":28},"end":{"line":26,"column":null}}],"line":26},"1":{"loc":{"start":{"line":48,"column":2},"end":{"line":51,"column":null}},"type":"if","locations":[{"start":{"line":48,"column":2},"end":{"line":51,"column":null}},{"start":{},"end":{}}],"line":48},"2":{"loc":{"start":{"line":52,"column":2},"end":{"line":60,"column":null}},"type":"if","locations":[{"start":{"line":52,"column":2},"end":{"line":60,"column":null}},{"start":{},"end":{}}],"line":52},"3":{"loc":{"start":{"line":61,"column":2},"end":{"line":61,"column":null}},"type":"if","locations":[{"start":{"line":61,"column":2},"end":{"line":61,"column":null}},{"start":{},"end":{}}],"line":61},"4":{"loc":{"start":{"line":74,"column":2},"end":{"line":74,"column":null}},"type":"if","locations":[{"start":{"line":74,"column":2},"end":{"line":74,"column":null}},{"start":{},"end":{}}],"line":74}},"s":{"0":45,"1":5195,"2":5446,"3":5046,"4":5046,"5":10,"6":10,"7":5046,"8":9,"9":9,"10":5046,"11":5034,"12":12,"13":19,"14":5046,"15":5034,"16":12,"17":5164,"18":5164,"19":5328},"f":{"0":5195,"1":5446,"2":5046,"3":19,"4":5046,"5":5164,"6":5328},"b":{"0":[5446,1266],"1":[10,5036],"2":[9,5037],"3":[5034,12],"4":[5034,12]},"meta":{"lastBranch":5,"lastFunction":7,"lastStatement":20,"seen":{"s:18:25:18:Infinity":0,"f:20:9:20:15":0,"s:21:2:21:Infinity":1,"f:25:16:25:34":1,"s:26:2:26:Infinity":2,"b:26:9:26:28:26:28:26:Infinity":0,"f:39:16:39:32":2,"s:47:27:47:Infinity":3,"b:48:2:51:Infinity:undefined:undefined:undefined:undefined":1,"s:48:2:51:Infinity":4,"s:49:20:49:Infinity":5,"s:50:4:50:Infinity":6,"b:52:2:60:Infinity:undefined:undefined:undefined:undefined":2,"s:52:2:60:Infinity":7,"s:53:20:58:Infinity":8,"s:59:4:59:Infinity":9,"b:61:2:61:Infinity:undefined:undefined:undefined:undefined":3,"s:61:2:61:Infinity":10,"s:61:27:61:Infinity":11,"s:62:2:62:Infinity":12,"f:62:20:62:28":3,"s:62:41:62:52":13,"f:69:16:69:Infinity":4,"b:74:2:74:Infinity:undefined:undefined:undefined:undefined":4,"s:74:2:74:Infinity":14,"s:74:26:74:Infinity":15,"s:75:2:75:Infinity":16,"f:83:16:83:Infinity":5,"s:88:12:88:Infinity":17,"s:89:2:92:Infinity":18,"f:100:16:100:27":6,"s:101:2:101:Infinity":19},"fnNames":{}}}
,"/home/user/business-arena/src/engine/finance/functional.ts": {"path":"/home/user/business-arena/src/engine/finance/functional.ts","statementMap":{"0":{"start":{"line":16,"column":15},"end":{"line":16,"column":null}},"1":{"start":{"line":18,"column":14},"end":{"line":18,"column":null}},"2":{"start":{"line":19,"column":2},"end":{"line":19,"column":null}}},"fnMap":{"0":{"name":"computeFunctionalBalance","decl":{"start":{"line":15,"column":16},"end":{"line":15,"column":41}},"loc":{"start":{"line":15,"column":77},"end":{"line":20,"column":null}},"line":15}},"branchMap":{"0":{"loc":{"start":{"line":18,"column":63},"end":{"line":18,"column":null}},"type":"binary-expr","locations":[{"start":{"line":18,"column":63},"end":{"line":18,"column":81}},{"start":{"line":18,"column":81},"end":{"line":18,"column":null}}],"line":18}},"s":{"0":5331,"1":5331,"2":5331},"f":{"0":5331},"b":{"0":[5331,0]},"meta":{"lastBranch":1,"lastFunction":1,"lastStatement":3,"seen":{"f:15:16:15:41":0,"s:16:15:16:Infinity":0,"s:18:14:18:Infinity":1,"b:18:63:18:81:18:81:18:Infinity":0,"s:19:2:19:Infinity":2},"fnNames":{}}}
,"/home/user/business-arena/src/engine/finance/ratios.ts": {"path":"/home/user/business-arena/src/engine/finance/ratios.ts","statementMap":{"0":{"start":{"line":17,"column":26},"end":{"line":17,"column":null}},"1":{"start":{"line":18,"column":22},"end":{"line":18,"column":null}},"2":{"start":{"line":20,"column":4},"end":{"line":20,"column":null}},"3":{"start":{"line":21,"column":14},"end":{"line":21,"column":null}},"4":{"start":{"line":22,"column":2},"end":{"line":29,"column":null}}},"fnMap":{"0":{"name":"computeRatios","decl":{"start":{"line":16,"column":16},"end":{"line":16,"column":30}},"loc":{"start":{"line":16,"column":93},"end":{"line":30,"column":null}},"line":16}},"branchMap":{"0":{"loc":{"start":{"line":20,"column":4},"end":{"line":20,"column":null}},"type":"cond-expr","locations":[{"start":{"line":20,"column":27},"end":{"line":20,"column":83}},{"start":{"line":20,"column":83},"end":{"line":20,"column":null}}],"line":20},"1":{"loc":{"start":{"line":21,"column":14},"end":{"line":21,"column":null}},"type":"cond-expr","locations":[{"start":{"line":21,"column":29},"end":{"line":21,"column":55}},{"start":{"line":21,"column":55},"end":{"line":21,"column":null}}],"line":21},"2":{"loc":{"start":{"line":23,"column":19},"end":{"line":23,"column":null}},"type":"cond-expr","locations":[{"start":{"line":23,"column":36},"end":{"line":23,"column":64}},{"start":{"line":23,"column":64},"end":{"line":23,"column":null}}],"line":23},"3":{"loc":{"start":{"line":27,"column":18},"end":{"line":27,"column":null}},"type":"cond-expr","locations":[{"start":{"line":27,"column":33},"end":{"line":27,"column":62}},{"start":{"line":27,"column":62},"end":{"line":27,"column":null}}],"line":27},"4":{"loc":{"start":{"line":28,"column":19},"end":{"line":28,"column":null}},"type":"cond-expr","locations":[{"start":{"line":28,"column":37},"end":{"line":28,"column":64}},{"start":{"line":28,"column":64},"end":{"line":28,"column":null}}],"line":28}},"s":{"0":5329,"1":5329,"2":5329,"3":5329,"4":5329},"f":{"0":5329},"b":{"0":[4883,446],"1":[4517,812],"2":[5328,1],"3":[4517,812],"4":[5329,0]},"meta":{"lastBranch":5,"lastFunction":1,"lastStatement":5,"seen":{"f:16:16:16:30":0,"s:17:26:17:Infinity":0,"s:18:22:18:Infinity":1,"s:20:4:20:Infinity":2,"b:20:27:20:83:20:83:20:Infinity":0,"s:21:14:21:Infinity":3,"b:21:29:21:55:21:55:21:Infinity":1,"s:22:2:29:Infinity":4,"b:23:36:23:64:23:64:23:Infinity":2,"b:27:33:27:62:27:62:27:Infinity":3,"b:28:37:28:64:28:64:28:Infinity":4},"fnNames":{}}}
,"/home/user/business-arena/src/engine/finance/statements.ts": {"path":"/home/user/business-arena/src/engine/finance/statements.ts","statementMap":{"0":{"start":{"line":94,"column":12},"end":{"line":94,"column":null}},"1":{"start":{"line":95,"column":25},"end":{"line":95,"column":null}},"2":{"start":{"line":96,"column":12},"end":{"line":96,"column":null}},"3":{"start":{"line":99,"column":14},"end":{"line":99,"column":null}},"4":{"start":{"line":100,"column":27},"end":{"line":100,"column":null}},"5":{"start":{"line":104,"column":21},"end":{"line":106,"column":null}},"6":{"start":{"line":107,"column":23},"end":{"line":107,"column":null}},"7":{"start":{"line":108,"column":19},"end":{"line":110,"column":null}},"8":{"start":{"line":111,"column":24},"end":{"line":111,"column":null}},"9":{"start":{"line":119,"column":18},"end":{"line":119,"column":null}},"10":{"start":{"line":120,"column":26},"end":{"line":120,"column":null}},"11":{"start":{"line":121,"column":17},"end":{"line":123,"column":null}},"12":{"start":{"line":126,"column":8},"end":{"line":242,"column":null}},"13":{"start":{"line":127,"column":23},"end":{"line":127,"column":null}},"14":{"start":{"line":128,"column":26},"end":{"line":128,"column":null}},"15":{"start":{"line":131,"column":35},"end":{"line":131,"column":null}},"16":{"start":{"line":132,"column":27},"end":{"line":132,"column":null}},"17":{"start":{"line":133,"column":24},"end":{"line":133,"column":null}},"18":{"start":{"line":135,"column":6},"end":{"line":139,"column":null}},"19":{"start":{"line":140,"column":25},"end":{"line":140,"column":null}},"20":{"start":{"line":141,"column":28},"end":{"line":141,"column":null}},"21":{"start":{"line":143,"column":10},"end":{"line":147,"column":null}},"22":{"start":{"line":148,"column":25},"end":{"line":148,"column":null}},"23":{"start":{"line":149,"column":16},"end":{"line":149,"column":null}},"24":{"start":{"line":150,"column":22},"end":{"line":150,"column":null}},"25":{"start":{"line":152,"column":45},"end":{"line":171,"column":null}},"26":{"start":{"line":176,"column":23},"end":{"line":176,"column":null}},"27":{"start":{"line":177,"column":22},"end":{"line":177,"column":null}},"28":{"start":{"line":178,"column":27},"end":{"line":178,"column":null}},"29":{"start":{"line":179,"column":24},"end":{"line":179,"column":null}},"30":{"start":{"line":180,"column":24},"end":{"line":180,"column":null}},"31":{"start":{"line":181,"column":29},"end":{"line":181,"column":null}},"32":{"start":{"line":182,"column":19},"end":{"line":182,"column":null}},"33":{"start":{"line":183,"column":26},"end":{"line":183,"column":null}},"34":{"start":{"line":185,"column":34},"end":{"line":214,"column":null}},"35":{"start":{"line":214,"column":20},"end":{"line":214,"column":34}},"36":{"start":{"line":216,"column":20},"end":{"line":216,"column":null}},"37":{"start":{"line":216,"column":43},"end":{"line":216,"column":57}},"38":{"start":{"line":217,"column":23},"end":{"line":217,"column":null}},"39":{"start":{"line":218,"column":23},"end":{"line":218,"column":null}},"40":{"start":{"line":221,"column":34},"end":{"line":232,"column":null}},"41":{"start":{"line":234,"column":4},"end":{"line":241,"column":null}},"42":{"start":{"line":247,"column":23},"end":{"line":247,"column":null}},"43":{"start":{"line":248,"column":13},"end":{"line":248,"column":null}},"44":{"start":{"line":249,"column":2},"end":{"line":253,"column":null}},"45":{"start":{"line":250,"column":16},"end":{"line":250,"column":null}},"46":{"start":{"line":251,"column":4},"end":{"line":251,"column":null}},"47":{"start":{"line":252,"column":4},"end":{"line":252,"column":null}},"48":{"start":{"line":255,"column":17},"end":{"line":255,"column":null}},"49":{"start":{"line":256,"column":2},"end":{"line":270,"column":null}},"50":{"start":{"line":276,"column":4},"end":{"line":280,"column":null}},"51":{"start":{"line":282,"column":4},"end":{"line":282,"column":null}},"52":{"start":{"line":283,"column":2},"end":{"line":283,"column":null}}},"fnMap":{"0":{"name":"computeFinance","decl":{"start":{"line":93,"column":16},"end":{"line":93,"column":31}},"loc":{"start":{"line":93,"column":67},"end":{"line":271,"column":null}},"line":93},"1":{"name":"(anonymous_1)","decl":{"start":{"line":126,"column":8},"end":{"line":126,"column":17}},"loc":{"start":{"line":126,"column":44},"end":{"line":242,"column":null}},"line":126},"2":{"name":"(anonymous_2)","decl":{"start":{"line":214,"column":6},"end":{"line":214,"column":14}},"loc":{"start":{"line":214,"column":20},"end":{"line":214,"column":34}},"line":214},"3":{"name":"(anonymous_3)","decl":{"start":{"line":216,"column":26},"end":{"line":216,"column":34}},"loc":{"start":{"line":216,"column":43},"end":{"line":216,"column":57}},"line":216},"4":{"name":"balanceGap","decl":{"start":{"line":274,"column":16},"end":{"line":274,"column":27}},"loc":{"start":{"line":274,"column":52},"end":{"line":284,"column":null}},"line":274}},"branchMap":{"0":{"loc":{"start":{"line":104,"column":21},"end":{"line":106,"column":null}},"type":"cond-expr","locations":[{"start":{"line":105,"column":6},"end":{"line":105,"column":null}},{"start":{"line":106,"column":6},"end":{"line":106,"column":null}}],"line":104},"1":{"loc":{"start":{"line":107,"column":23},"end":{"line":107,"column":null}},"type":"cond-expr","locations":[{"start":{"line":107,"column":27},"end":{"line":107,"column":80}},{"start":{"line":107,"column":80},"end":{"line":107,"column":null}}],"line":107},"2":{"loc":{"start":{"line":108,"column":19},"end":{"line":110,"column":null}},"type":"cond-expr","locations":[{"start":{"line":109,"column":6},"end":{"line":109,"column":null}},{"start":{"line":110,"column":6},"end":{"line":110,"column":null}}],"line":108},"3":{"loc":{"start":{"line":111,"column":24},"end":{"line":111,"column":null}},"type":"cond-expr","locations":[{"start":{"line":111,"column":28},"end":{"line":111,"column":60}},{"start":{"line":111,"column":60},"end":{"line":111,"column":null}}],"line":111},"4":{"loc":{"start":{"line":119,"column":18},"end":{"line":119,"column":null}},"type":"binary-expr","locations":[{"start":{"line":119,"column":18},"end":{"line":119,"column":43}},{"start":{"line":119,"column":43},"end":{"line":119,"column":null}}],"line":119},"5":{"loc":{"start":{"line":120,"column":37},"end":{"line":120,"column":68}},"type":"binary-expr","locations":[{"start":{"line":120,"column":37},"end":{"line":120,"column":63}},{"start":{"line":120,"column":63},"end":{"line":120,"column":68}}],"line":120},"6":{"loc":{"start":{"line":121,"column":17},"end":{"line":123,"column":null}},"type":"cond-expr","locations":[{"start":{"line":122,"column":6},"end":{"line":122,"column":null}},{"start":{"line":123,"column":6},"end":{"line":123,"column":null}}],"line":121},"7":{"loc":{"start":{"line":122,"column":27},"end":{"line":122,"column":52}},"type":"binary-expr","locations":[{"start":{"line":122,"column":27},"end":{"line":122,"column":49}},{"start":{"line":122,"column":49},"end":{"line":122,"column":52}}],"line":122},"8":{"loc":{"start":{"line":127,"column":23},"end":{"line":127,"column":null}},"type":"cond-expr","locations":[{"start":{"line":127,"column":27},"end":{"line":127,"column":71}},{"start":{"line":127,"column":71},"end":{"line":127,"column":null}}],"line":127},"9":{"loc":{"start":{"line":132,"column":27},"end":{"line":132,"column":null}},"type":"binary-expr","locations":[{"start":{"line":132,"column":27},"end":{"line":132,"column":51}},{"start":{"line":132,"column":51},"end":{"line":132,"column":null}}],"line":132},"10":{"loc":{"start":{"line":157,"column":10},"end":{"line":157,"column":null}},"type":"cond-expr","locations":[{"start":{"line":157,"column":31},"end":{"line":157,"column":52}},{"start":{"line":157,"column":52},"end":{"line":157,"column":null}}],"line":157},"11":{"loc":{"start":{"line":176,"column":23},"end":{"line":176,"column":null}},"type":"binary-expr","locations":[{"start":{"line":176,"column":23},"end":{"line":176,"column":41}},{"start":{"line":176,"column":41},"end":{"line":176,"column":null}}],"line":176},"12":{"loc":{"start":{"line":196,"column":10},"end":{"line":198,"column":null}},"type":"cond-expr","locations":[{"start":{"line":197,"column":10},"end":{"line":197,"column":null}},{"start":{"line":198,"column":10},"end":{"line":198,"column":null}}],"line":196},"13":{"loc":{"start":{"line":209,"column":46},"end":{"line":209,"column":67}},"type":"binary-expr","locations":[{"start":{"line":209,"column":46},"end":{"line":209,"column":64}},{"start":{"line":209,"column":64},"end":{"line":209,"column":67}}],"line":209},"14":{"loc":{"start":{"line":227,"column":62},"end":{"line":227,"column":null}},"type":"binary-expr","locations":[{"start":{"line":227,"column":62},"end":{"line":227,"column":80}},{"start":{"line":227,"column":80},"end":{"line":227,"column":null}}],"line":227},"15":{"loc":{"start":{"line":249,"column":2},"end":{"line":253,"column":null}},"type":"if","locations":[{"start":{"line":249,"column":2},"end":{"line":253,"column":null}},{"start":{},"end":{}}],"line":249},"16":{"loc":{"start":{"line":249,"column":6},"end":{"line":249,"column":75}},"type":"binary-expr","locations":[{"start":{"line":249,"column":6},"end":{"line":249,"column":11}},{"start":{"line":249,"column":11},"end":{"line":249,"column":50}},{"start":{"line":249,"column":50},"end":{"line":249,"column":75}}],"line":249},"17":{"loc":{"start":{"line":255,"column":17},"end":{"line":255,"column":null}},"type":"cond-expr","locations":[{"start":{"line":255,"column":21},"end":{"line":255,"column":66}},{"start":{"line":255,"column":66},"end":{"line":255,"column":null}}],"line":255},"18":{"loc":{"start":{"line":280,"column":5},"end":{"line":280,"column":null}},"type":"binary-expr","locations":[{"start":{"line":280,"column":5},"end":{"line":280,"column":30}},{"start":{"line":280,"column":30},"end":{"line":280,"column":null}}],"line":280},"19":{"loc":{"start":{"line":282,"column":61},"end":{"line":282,"column":null}},"type":"binary-expr","locations":[{"start":{"line":282,"column":61},"end":{"line":282,"column":79}},{"start":{"line":282,"column":79},"end":{"line":282,"column":null}}],"line":282}},"s":{"0":5339,"1":5339,"2":5339,"3":5339,"4":5339,"5":5339,"6":5339,"7":5339,"8":5339,"9":5339,"10":5339,"11":5339,"12":5339,"13":6974,"14":6974,"15":6974,"16":6974,"17":6974,"18":6974,"19":6974,"20":6974,"21":6974,"22":6974,"23":6974,"24":6974,"25":6974,"26":6974,"27":6974,"28":6974,"29":6974,"30":6974,"31":6974,"32":6974,"33":6974,"34":6974,"35":147168,"36":6974,"37":64801,"38":6974,"39":6974,"40":6974,"41":6974,"42":5339,"43":5339,"44":5339,"45":1635,"46":1635,"47":1635,"48":5339,"49":5339,"50":5466,"51":5466,"52":5466},"f":{"0":5339,"1":6974,"2":147168,"3":64801,"4":5466},"b":{"0":[5086,253],"1":[5086,253],"2":[5086,253],"3":[5086,253],"4":[5339,1111],"5":[5339,301],"6":[5038,301],"7":[5038,0],"8":[6721,253],"9":[6974,9],"10":[714,6260],"11":[6974,1261],"12":[714,6260],"13":[6974,11],"14":[6974,11],"15":[1635,3704],"16":[5339,5086,1739],"17":[5086,253],"18":[5466,72],"19":[5466,72]},"meta":{"lastBranch":20,"lastFunction":5,"lastStatement":53,"seen":{"f:93:16:93:31":0,"s:94:12:94:Infinity":0,"s:95:25:95:Infinity":1,"s:96:12:96:Infinity":2,"s:99:14:99:Infinity":3,"s:100:27:100:Infinity":4,"s:104:21:106:Infinity":5,"b:105:6:105:Infinity:106:6:106:Infinity":0,"s:107:23:107:Infinity":6,"b:107:27:107:80:107:80:107:Infinity":1,"s:108:19:110:Infinity":7,"b:109:6:109:Infinity:110:6:110:Infinity":2,"s:111:24:111:Infinity":8,"b:111:28:111:60:111:60:111:Infinity":3,"s:119:18:119:Infinity":9,"b:119:18:119:43:119:43:119:Infinity":4,"s:120:26:120:Infinity":10,"b:120:37:120:63:120:63:120:68":5,"s:121:17:123:Infinity":11,"b:122:6:122:Infinity:123:6:123:Infinity":6,"b:122:27:122:49:122:49:122:52":7,"s:126:8:242:Infinity":12,"f:126:8:126:17":1,"s:127:23:127:Infinity":13,"b:127:27:127:71:127:71:127:Infinity":8,"s:128:26:128:Infinity":14,"s:131:35:131:Infinity":15,"s:132:27:132:Infinity":16,"b:132:27:132:51:132:51:132:Infinity":9,"s:133:24:133:Infinity":17,"s:135:6:139:Infinity":18,"s:140:25:140:Infinity":19,"s:141:28:141:Infinity":20,"s:143:10:147:Infinity":21,"s:148:25:148:Infinity":22,"s:149:16:149:Infinity":23,"s:150:22:150:Infinity":24,"s:152:45:171:Infinity":25,"b:157:31:157:52:157:52:157:Infinity":10,"s:176:23:176:Infinity":26,"b:176:23:176:41:176:41:176:Infinity":11,"s:177:22:177:Infinity":27,"s:178:27:178:Infinity":28,"s:179:24:179:Infinity":29,"s:180:24:180:Infinity":30,"s:181:29:181:Infinity":31,"s:182:19:182:Infinity":32,"s:183:26:183:Infinity":33,"s:185:34:214:Infinity":34,"b:197:10:197:Infinity:198:10:198:Infinity":12,"b:209:46:209:64:209:64:209:67":13,"f:214:6:214:14":2,"s:214:20:214:34":35,"s:216:20:216:Infinity":36,"f:216:26:216:34":3,"s:216:43:216:57":37,"s:217:23:217:Infinity":38,"s:218:23:218:Infinity":39,"s:221:34:232:Infinity":40,"b:227:62:227:80:227:80:227:Infinity":14,"s:234:4:241:Infinity":41,"s:247:23:247:Infinity":42,"s:248:13:248:Infinity":43,"b:249:2:253:Infinity:undefined:undefined:undefined:undefined":15,"s:249:2:253:Infinity":44,"b:249:6:249:11:249:11:249:50:249:50:249:75":16,"s:250:16:250:Infinity":45,"s:251:4:251:Infinity":46,"s:252:4:252:Infinity":47,"s:255:17:255:Infinity":48,"b:255:21:255:66:255:66:255:Infinity":17,"s:256:2:270:Infinity":49,"f:274:16:274:27":4,"s:276:4:280:Infinity":50,"b:280:5:280:30:280:30:280:Infinity":18,"s:282:4:282:Infinity":51,"b:282:61:282:79:282:79:282:Infinity":19,"s:283:2:283:Infinity":52},"fnNames":{}}}
,"/home/user/business-arena/src/engine/hr/index.ts": {"path":"/home/user/business-arena/src/engine/hr/index.ts","statementMap":{"0":{"start":{"line":35,"column":6},"end":{"line":35,"column":null}},"1":{"start":{"line":35,"column":55},"end":{"line":35,"column":null}},"2":{"start":{"line":43,"column":29},"end":{"line":53,"column":null}},"3":{"start":{"line":54,"column":12},"end":{"line":54,"column":null}},"4":{"start":{"line":55,"column":2},"end":{"line":55,"column":null}},"5":{"start":{"line":55,"column":10},"end":{"line":55,"column":null}},"6":{"start":{"line":57,"column":12},"end":{"line":57,"column":null}},"7":{"start":{"line":58,"column":25},"end":{"line":58,"column":null}},"8":{"start":{"line":59,"column":22},"end":{"line":59,"column":null}},"9":{"start":{"line":60,"column":16},"end":{"line":60,"column":null}},"10":{"start":{"line":61,"column":16},"end":{"line":65,"column":null}},"11":{"start":{"line":66,"column":25},"end":{"line":66,"column":null}},"12":{"start":{"line":71,"column":4},"end":{"line":71,"column":null}},"13":{"start":{"line":75,"column":4},"end":{"line":76,"column":null}},"14":{"start":{"line":79,"column":4},"end":{"line":79,"column":null}},"15":{"start":{"line":81,"column":23},"end":{"line":81,"column":null}},"16":{"start":{"line":82,"column":17},"end":{"line":82,"column":null}},"17":{"start":{"line":84,"column":27},"end":{"line":87,"column":null}},"18":{"start":{"line":89,"column":2},"end":{"line":99,"column":null}}},"fnMap":{"0":{"name":"(anonymous_0)","decl":{"start":{"line":35,"column":6},"end":{"line":35,"column":15}},"loc":{"start":{"line":35,"column":55},"end":{"line":35,"column":null}},"line":35},"1":{"name":"computeHr","decl":{"start":{"line":37,"column":16},"end":{"line":37,"column":26}},"loc":{"start":{"line":42,"column":14},"end":{"line":100,"column":null}},"line":42}},"branchMap":{"0":{"loc":{"start":{"line":55,"column":2},"end":{"line":55,"column":null}},"type":"if","locations":[{"start":{"line":55,"column":2},"end":{"line":55,"column":null}},{"start":{},"end":{}}],"line":55},"1":{"loc":{"start":{"line":57,"column":12},"end":{"line":57,"column":null}},"type":"binary-expr","locations":[{"start":{"line":57,"column":12},"end":{"line":57,"column":30}},{"start":{"line":57,"column":30},"end":{"line":57,"column":null}}],"line":57},"2":{"loc":{"start":{"line":58,"column":25},"end":{"line":58,"column":null}},"type":"binary-expr","locations":[{"start":{"line":58,"column":25},"end":{"line":58,"column":48}},{"start":{"line":58,"column":48},"end":{"line":58,"column":null}}],"line":58},"3":{"loc":{"start":{"line":59,"column":28},"end":{"line":59,"column":48}},"type":"binary-expr","locations":[{"start":{"line":59,"column":28},"end":{"line":59,"column":45}},{"start":{"line":59,"column":45},"end":{"line":59,"column":48}}],"line":59},"4":{"loc":{"start":{"line":60,"column":33},"end":{"line":60,"column":44}},"type":"binary-expr","locations":[{"start":{"line":60,"column":33},"end":{"line":60,"column":43}},{"start":{"line":60,"column":43},"end":{"line":60,"column":44}}],"line":60},"5":{"loc":{"start":{"line":62,"column":15},"end":{"line":62,"column":26}},"type":"binary-expr","locations":[{"start":{"line":62,"column":15},"end":{"line":62,"column":25}},{"start":{"line":62,"column":25},"end":{"line":62,"column":26}}],"line":62},"6":{"loc":{"start":{"line":66,"column":37},"end":{"line":66,"column":58}},"type":"binary-expr","locations":[{"start":{"line":66,"column":37},"end":{"line":66,"column":57}},{"start":{"line":66,"column":57},"end":{"line":66,"column":58}}],"line":66},"7":{"loc":{"start":{"line":71,"column":4},"end":{"line":71,"column":null}},"type":"cond-expr","locations":[{"start":{"line":71,"column":76},"end":{"line":71,"column":80}},{"start":{"line":71,"column":80},"end":{"line":71,"column":null}}],"line":71},"8":{"loc":{"start":{"line":71,"column":4},"end":{"line":71,"column":76}},"type":"binary-expr","locations":[{"start":{"line":71,"column":4},"end":{"line":71,"column":42}},{"start":{"line":71,"column":42},"end":{"line":71,"column":76}}],"line":71},"9":{"loc":{"start":{"line":81,"column":23},"end":{"line":81,"column":null}},"type":"binary-expr","locations":[{"start":{"line":81,"column":23},"end":{"line":81,"column":41}},{"start":{"line":81,"column":41},"end":{"line":81,"column":null}}],"line":81}},"s":{"0":45,"1":20172,"2":5340,"3":5340,"4":5340,"5":297,"6":5043,"7":5340,"8":5340,"9":5340,"10":5340,"11":5340,"12":5340,"13":5340,"14":5340,"15":5340,"16":5340,"17":5340,"18":5340},"f":{"0":20172,"1":5340},"b":{"0":[297,5043],"1":[5043,5027],"2":[5340,5043],"3":[5340,5036],"4":[5340,5039],"5":[5340,5038],"6":[5340,5039],"7":[1,5042],"8":[5340,2],"9":[5340,5043]},"meta":{"lastBranch":10,"lastFunction":2,"lastStatement":19,"seen":{"s:35:6:35:Infinity":0,"f:35:6:35:15":0,"s:35:55:35:Infinity":1,"f:37:16:37:26":1,"s:43:29:53:Infinity":2,"s:54:12:54:Infinity":3,"b:55:2:55:Infinity:undefined:undefined:undefined:undefined":0,"s:55:2:55:Infinity":4,"s:55:10:55:Infinity":5,"s:57:12:57:Infinity":6,"b:57:12:57:30:57:30:57:Infinity":1,"s:58:25:58:Infinity":7,"b:58:25:58:48:58:48:58:Infinity":2,"s:59:22:59:Infinity":8,"b:59:28:59:45:59:45:59:48":3,"s:60:16:60:Infinity":9,"b:60:33:60:43:60:43:60:44":4,"s:61:16:65:Infinity":10,"b:62:15:62:25:62:25:62:26":5,"s:66:25:66:Infinity":11,"b:66:37:66:57:66:57:66:58":6,"s:71:4:71:Infinity":12,"b:71:76:71:80:71:80:71:Infinity":7,"b:71:4:71:42:71:42:71:76":8,"s:75:4:76:Infinity":13,"s:79:4:79:Infinity":14,"s:81:23:81:Infinity":15,"b:81:23:81:41:81:41:81:Infinity":9,"s:82:17:82:Infinity":16,"s:84:27:87:Infinity":17,"s:89:2:99:Infinity":18},"fnNames":{}}}
,"/home/user/business-arena/src/engine/inventory/cump.ts": {"path":"/home/user/business-arena/src/engine/inventory/cump.ts","statementMap":{"0":{"start":{"line":13,"column":2},"end":{"line":13,"column":null}},"1":{"start":{"line":13,"column":21},"end":{"line":13,"column":null}},"2":{"start":{"line":14,"column":19},"end":{"line":14,"column":null}},"3":{"start":{"line":15,"column":21},"end":{"line":15,"column":null}},"4":{"start":{"line":16,"column":2},"end":{"line":16,"column":null}},"5":{"start":{"line":24,"column":14},"end":{"line":24,"column":null}},"6":{"start":{"line":25,"column":2},"end":{"line":28,"column":null}},"7":{"start":{"line":32,"column":2},"end":{"line":32,"column":null}}},"fnMap":{"0":{"name":"addToStock","decl":{"start":{"line":12,"column":16},"end":{"line":12,"column":27}},"loc":{"start":{"line":12,"column":90},"end":{"line":17,"column":null}},"line":12},"1":{"name":"removeFromStock","decl":{"start":{"line":20,"column":16},"end":{"line":20,"column":null}},"loc":{"start":{"line":23,"column":37},"end":{"line":29,"column":null}},"line":23},"2":{"name":"stockValue","decl":{"start":{"line":31,"column":16},"end":{"line":31,"column":27}},"loc":{"start":{"line":31,"column":52},"end":{"line":33,"column":null}},"line":31}},"branchMap":{"0":{"loc":{"start":{"line":13,"column":2},"end":{"line":13,"column":null}},"type":"if","locations":[{"start":{"line":13,"column":2},"end":{"line":13,"column":null}},{"start":{},"end":{}}],"line":13},"1":{"loc":{"start":{"line":16,"column":41},"end":{"line":16,"column":82}},"type":"cond-expr","locations":[{"start":{"line":16,"column":56},"end":{"line":16,"column":80}},{"start":{"line":16,"column":80},"end":{"line":16,"column":82}}],"line":16}},"s":{"0":5330,"1":77,"2":5253,"3":5253,"4":5253,"5":5330,"6":5330,"7":13066},"f":{"0":5330,"1":5330,"2":13066},"b":{"0":[77,5253],"1":[5253,0]},"meta":{"lastBranch":2,"lastFunction":3,"lastStatement":8,"seen":{"f:12:16:12:27":0,"b:13:2:13:Infinity:undefined:undefined:undefined:undefined":0,"s:13:2:13:Infinity":0,"s:13:21:13:Infinity":1,"s:14:19:14:Infinity":2,"s:15:21:15:Infinity":3,"s:16:2:16:Infinity":4,"b:16:56:16:80:16:80:16:82":1,"f:20:16:20:Infinity":1,"s:24:14:24:Infinity":5,"s:25:2:28:Infinity":6,"f:31:16:31:27":2,"s:32:2:32:Infinity":7},"fnNames":{}}}
[...]
432:Infinity":155,"b:432:34:432:67:432:67:432:Infinity":44,"b:432:41:432:62:432:62:432:63":45,"s:434:6:434:Infinity":156,"s:438:27:438:Infinity":157,"s:439:22:439:Infinity":158,"s:441:4:451:Infinity":159,"b:446:15:446:48:446:48:446:Infinity":46,"s:453:20:456:Infinity":160,"s:457:4:500:Infinity":161,"s:458:27:461:Infinity":162,"s:462:23:462:Infinity":163,"f:462:51:462:56":30,"s:462:63:462:90":164,"s:463:31:463:Infinity":165,"s:464:20:464:Infinity":166,"s:466:6:498:Infinity":167,"s:467:26:467:Infinity":168,"b:468:8:468:Infinity:undefined:undefined:undefined:undefined":47,"s:468:8:468:Infinity":169,"s:468:24:468:Infinity":170,"s:469:14:479:Infinity":171,"s:480:24:480:Infinity":172,"b:480:45:480:65:480:65:480:66":48,"s:481:8:497:Infinity":173,"b:494:30:494:56:494:56:494:61":49,"s:499:6:499:Infinity":174,"f:505:15:505:31":31,"s:506:19:509:Infinity":175,"b:510:2:510:Infinity:undefined:undefined:undefined:undefined":50,"s:510:2:510:Infinity":176,"s:510:29:510:Infinity":177,"s:511:22:511:Infinity":178,"s:512:19:512:Infinity":179,"f:512:39:512:44":32,"s:512:50:512:64":180,"s:513:17:513:Infinity":181,"s:514:2:520:Infinity":182,"s:515:16:515:Infinity":183,"b:515:34:515:63:515:63:515:65":51,"b:516:4:516:Infinity:undefined:undefined:undefined:undefined":52,"s:516:4:516:Infinity":184,"s:516:14:516:Infinity":185,"s:517:17:517:Infinity":186,"b:517:17:517:41:517:41:517:Infinity":53,"s:518:4:518:Infinity":187,"s:519:4:519:Infinity":188,"s:521:2:529:Infinity":189,"s:522:22:522:Infinity":190,"b:523:4:523:Infinity:undefined:undefined:undefined:undefined":54,"s:523:4:523:Infinity":191,"b:523:8:523:22:523:22:523:46":55,"s:523:46:523:Infinity":192,"s:524:18:524:Infinity":193,"s:525:4:528:Infinity":194,"f:541:9:541:24":33,"b:542:2:542:Infinity:undefined:undefined:undefined:undefined":56,"s:542:2:542:Infinity":195,"s:542:22:542:Infinity":196,"b:543:2:543:Infinity:undefined:undefined:undefined:undefined":57,"s:543:2:543:Infinity":197,"s:543:24:543:Infinity":198,"f:543:40:543:48":34,"s:543:54:543:80":199,"s:544:2:544:Infinity":200,"f:548:9:548:Infinity":35,"s:551:19:551:Infinity":201,"f:551:28:551:34":36,"s:551:40:551:66":202,"b:552:2:552:Infinity:undefined:undefined:undefined:undefined":58,"s:552:2:552:Infinity":203,"s:552:17:552:Infinity":204,"s:553:17:553:Infinity":205,"f:553:34:553:40":37,"s:553:46:553:79":206,"b:554:2:554:Infinity:undefined:undefined:undefined:undefined":59,"s:554:2:554:Infinity":207,"s:554:15:554:Infinity":208,"s:555:2:555:Infinity":209,"f:599:9:599:Infinity":38,"b:603:23:603:Infinity":60,"b:604:45:604:Infinity":61,"s:606:16:606:Infinity":210,"s:607:21:607:Infinity":211,"f:607:27:607:33":39,"s:607:39:607:65":212,"s:608:20:608:Infinity":213,"s:609:20:609:Infinity":214,"s:610:21:610:Infinity":215,"s:611:2:670:Infinity":216,"f:620:45:620:50":40,"s:620:69:620:83":217,"f:623:25:623:30":41,"s:623:37:627:6":218,"f:626:25:626:30":42,"s:626:49:626:63":219,"b:628:17:628:40:628:40:628:Infinity":62,"f:630:7:630:15":43,"s:630:21:630:45":220,"f:631:7:631:12":44,"s:631:19:631:76":221,"f:632:4:632:21":45,"s:633:19:633:Infinity":222,"b:634:6:634:Infinity:undefined:undefined:undefined:undefined":63,"s:634:6:634:Infinity":223,"b:634:10:634:27:634:27:634:40:634:40:634:60":64,"s:634:60:634:Infinity":224,"s:635:19:635:Infinity":225,"f:635:29:635:35":46,"s:635:41:635:57":226,"s:636:6:636:Infinity":227,"b:636:20:636:71:636:71:636:Infinity":65,"f:638:4:638:22":47,"s:639:19:639:Infinity":228,"b:640:6:640:Infinity:undefined:undefined:undefined:undefined":66,"s:640:6:640:Infinity":229,"b:640:10:640:27:640:27:640:40:640:40:640:61":67,"s:640:61:640:Infinity":230,"s:641:6:641:Infinity":231,"b:641:55:641:72:641:72:641:Infinity":68,"f:641:23:641:29":48,"s:641:35:641:51":232,"b:645:8:668:Infinity:669:8:669:Infinity":69,"f:646:50:646:58":49,"s:646:64:646:73":233,"f:646:75:646:80":50,"s:646:86:646:90":234,"f:647:32:647:37":51,"s:647:44:657:12":235,"f:652:24:652:29":52,"s:652:35:655:15":236,"b:654:16:654:29:654:29:654:Infinity":70,"b:654:58:654:62:654:62:654:Infinity":71,"b:658:21:658:42:658:42:658:Infinity":72,"b:662:37:662:44:662:44:662:Infinity":73,"f:664:13:664:18":53,"s:664:27:664:50":237,"f:665:13:665:21":54,"s:665:55:665:65":238,"f:666:13:666:18":55,"s:666:25:666:56":239,"b:667:22:667:47:667:47:667:Infinity":74,"f:674:22:674:Infinity":56,"s:678:8:678:Infinity":240,"b:679:2:679:Infinity:undefined:undefined:undefined:undefined":75,"s:679:2:679:Infinity":241,"s:679:13:679:Infinity":242,"s:680:19:680:Infinity":243,"s:681:19:681:Infinity":244,"f:681:28:681:36":57,"s:681:42:681:66":245,"f:681:68:681:73":58,"s:681:79:681:83":246,"s:682:8:687:Infinity":247,"b:686:59:686:70:686:70:686:75":76,"b:688:2:688:Infinity:undefined:undefined:undefined:undefined":77,"s:688:2:688:Infinity":248,"s:688:19:688:Infinity":249,"s:690:21:690:Infinity":250,"s:691:20:699:Infinity":251,"f:696:55:696:60":59,"s:696:66:696:70":252,"b:700:2:700:Infinity:undefined:undefined:undefined:undefined":78,"s:700:2:700:Infinity":253,"s:700:30:700:Infinity":254,"s:702:24:702:Infinity":255,"s:703:19:703:Infinity":256,"f:703:41:703:46":60,"s:703:52:703:66":257,"s:704:19:704:Infinity":258,"s:705:18:705:Infinity":259,"s:707:23:707:Infinity":260,"f:707:34:707:40":61,"s:707:46:707:75":261,"s:708:29:710:Infinity":262,"f:709:5:709:13":62,"s:709:19:709:42":263,"f:710:5:710:11":63,"s:710:20:710:37":264,"s:712:16:717:Infinity":265,"f:712:16:712:23":64,"s:713:16:713:Infinity":266,"b:713:36:713:74:713:74:713:76":79,"b:714:4:714:Infinity:undefined:undefined:undefined:undefined":80,"s:714:4:714:Infinity":267,"s:714:14:714:Infinity":268,"s:715:19:715:Infinity":269,"s:716:4:716:Infinity":270,"s:719:35:719:Infinity":271,"s:720:37:720:Infinity":272,"s:721:2:729:Infinity":273,"s:722:17:722:Infinity":274,"b:723:4:723:Infinity:undefined:undefined:undefined:undefined":81,"s:723:4:723:Infinity":275,"s:723:15:723:Infinity":276,"b:724:4:728:Infinity:726:11:728:Infinity":82,"s:724:4:728:Infinity":277,"b:724:8:724:24:724:24:724:64:724:64:724:97":83,"s:725:6:725:Infinity":278,"b:726:11:728:Infinity:undefined:undefined:undefined:undefined":84,"s:726:11:728:Infinity":279,"b:726:15:726:37:726:37:726:81":85,"s:727:6:727:Infinity":280,"s:730:2:730:Infinity":281,"f:741:22:741:Infinity":65,"s:745:8:745:Infinity":282,"b:746:2:746:Infinity:undefined:undefined:undefined:undefined":86,"s:746:2:746:Infinity":283,"b:746:6:746:15:746:15:746:45":87,"s:746:45:746:Infinity":284,"s:748:19:748:Infinity":285,"s:749:18:749:Infinity":286,"f:749:27:749:32":66,"s:749:38:749:42":287,"s:750:22:752:Infinity":288,"b:751:6:751:Infinity:752:6:752:Infinity":88,"s:753:18:753:Infinity":289,"f:753:42:753:47":67,"s:753:53:753:61":290,"s:755:22:755:Infinity":291,"s:756:19:758:Infinity":292,"b:757:6:757:Infinity:758:6:758:Infinity":89,"s:759:20:759:Infinity":293,"s:760:2:764:Infinity":294,"s:761:17:761:Infinity":295,"b:761:17:761:47:761:47:761:Infinity":90,"s:762:4:762:Infinity":296,"s:763:4:763:Infinity":297,"s:765:25:776:Infinity":298,"f:766:5:766:13":68,"s:766:19:766:38":299,"f:767:5:767:10":69,"s:768:21:768:Infinity":300,"s:769:6:774:Infinity":301,"f:772:24:772:32":70,"s:772:41:772:48":302,"f:776:5:776:11":71,"s:776:20:776:41":303,"s:778:21:778:Infinity":304,"s:779:20:784:Infinity":305,"b:780:6:783:Infinity:784:6:784:Infinity":91,"f:783:62:783:67":72,"s:783:73:783:77":306,"s:785:22:785:Infinity":307,"f:785:32:785:37":73,"s:785:43:785:47":308,"s:786:17:788:Infinity":309,"b:787:6:787:Infinity:788:6:788:Infinity":92,"s:789:23:789:Infinity":310,"f:789:41:789:46":74,"s:789:52:789:68":311,"s:790:22:790:Infinity":312,"s:791:2:795:Infinity":313,"s:792:19:792:Infinity":314,"b:793:4:793:Infinity:undefined:undefined:undefined:undefined":93,"s:793:4:793:Infinity":315,"s:793:17:793:Infinity":316,"s:794:4:794:Infinity":317,"b:794:29:794:56:794:56:794:61":94,"s:797:21:799:Infinity":318,"f:798:5:798:10":75,"s:798:17:798:60":319,"f:799:5:799:13":76,"s:799:32:799:53":320,"s:801:2:813:Infinity":321,"f:804:7:804:15":77,"s:804:21:804:45":322,"f:805:7:805:12":78,"s:805:19:805:75":323,"b:805:46:805:71:805:71:805:73":95,"b:810:12:810:Infinity:811:12:811:Infinity":96,"f:811:23:811:31":79,"s:811:40:811:47":324,"f:866:22:866:42":80,"s:867:34:873:Infinity":325,"s:875:19:875:Infinity":326,"b:876:2:876:Infinity:undefined:undefined:undefined:undefined":97,"s:876:2:876:Infinity":327,"s:876:29:876:Infinity":328,"s:877:18:877:Infinity":329,"f:877:27:877:32":81,"s:877:38:877:42":330,"s:879:19:879:Infinity":331,"s:880:20:880:Infinity":332,"s:881:20:886:Infinity":333,"b:882:6:885:Infinity:886:6:886:Infinity":98,"f:885:61:885:66":82,"s:885:72:885:76":334,"s:887:17:892:Infinity":335,"b:888:6:891:Infinity:892:6:892:Infinity":99,"f:891:65:891:70":83,"s:891:76:891:80":336,"s:895:23:895:Infinity":337,"s:896:2:899:Infinity":338,"s:897:17:897:Infinity":339,"s:898:4:898:Infinity":340,"b:898:28:898:54:898:54:898:59":100,"s:900:18:902:Infinity":341,"f:901:5:901:10":84,"s:901:29:901:87":342,"f:902:5:902:11":85,"s:902:20:902:37":343,"s:909:18:909:Infinity":344,"f:909:27:909:32":86,"s:909:38:909:42":345,"s:910:22:912:Infinity":346,"b:911:6:911:Infinity:912:6:912:Infinity":101,"s:913:24:913:Infinity":347,"f:913:44:913:49":87,"s:913:55:913:63":348,"s:917:24:917:Infinity":349,"s:918:19:918:Infinity":350,"f:918:41:918:46":88,"s:918:52:918:66":351,"s:919:21:919:Infinity":352,"s:920:2:920:Infinity":353,"s:920:29:920:Infinity":354,"s:920:59:920:Infinity":355,"s:922:26:922:Infinity":356,"s:923:2:928:Infinity":357,"s:924:4:927:Infinity":358,"b:926:7:926:53:926:53:926:58":102,"s:943:23:946:Infinity":359,"s:947:2:964:Infinity":360,"b:948:4:948:Infinity:undefined:undefined:undefined:undefined":103,"s:948:4:948:Infinity":361,"s:948:37:948:Infinity":362,"b:949:4:949:Infinity:undefined:undefined:undefined:undefined":104,"s:949:4:949:Infinity":363,"s:949:41:949:Infinity":364,"s:950:17:950:Infinity":365,"b:951:4:951:Infinity:undefined:undefined:undefined:undefined":105,"s:951:4:951:Infinity":366,"s:951:15:951:Infinity":367,"s:952:22:952:Infinity":368,"b:953:4:953:Infinity:undefined:undefined:undefined:undefined":106,"s:953:4:953:Infinity":369,"s:953:51:953:Infinity":370,"s:954:18:954:Infinity":371,"b:954:18:954:44:954:44:954:Infinity":107,"b:957:4:962:Infinity:959:11:962:Infinity":108,"s:957:4:962:Infinity":372,"s:958:6:958:Infinity":373,"s:960:6:960:Infinity":374,"s:961:6:961:Infinity":375,"b:961:23:961:55:961:55:961:56":109,"s:963:4:963:Infinity":376,"s:966:8:967:Infinity":377,"f:966:8:966:16":89,"s:967:4:967:Infinity":378,"b:967:26:967:30:967:30:967:Infinity":110,"f:967:37:967:45":90,"s:967:54:967:61":379,"s:969:25:986:Infinity":380,"f:970:5:970:10":91,"s:970:56:978:6":381,"b:972:13:972:49:972:49:972:Infinity":111,"b:973:16:973:40:973:40:973:Infinity":112,"b:976:42:976:49:976:49:976:Infinity":113,"f:982:5:982:11":92,"b:983:6:983:Infinity:undefined:undefined:undefined:undefined":114,"s:983:6:983:Infinity":382,"s:983:35:983:Infinity":383,"b:983:68:983:72:983:72:983:Infinity":115,"b:984:6:984:Infinity:undefined:undefined:undefined:undefined":116,"s:984:6:984:Infinity":384,"s:984:35:984:Infinity":385,"s:985:6:985:Infinity":386,"s:988:22:988:Infinity":387,"s:989:2:989:Infinity":388,"s:989:26:989:Infinity":389,"b:989:52:989:80:989:80:989:85":117,"s:990:23:993:Infinity":390,"f:990:39:990:44":93,"s:990:55:993:4":391,"b:992:11:992:37:992:37:992:Infinity":118,"s:997:18:997:Infinity":392,"f:997:42:997:47":94,"s:997:53:997:61":393,"s:998:22:998:Infinity":394,"s:999:19:1001:Infinity":395,"b:1000:6:1000:Infinity:1001:6:1001:Infinity":119,"s:1002:27:1002:Infinity":396,"s:1003:2:1007:Infinity":397,"s:1004:17:1004:Infinity":398,"b:1004:17:1004:54:1004:54:1004:Infinity":120,"s:1005:4:1005:Infinity":399,"s:1006:4:1006:Infinity":400,"s:1008:23:1014:Infinity":401,"f:1009:5:1009:13":95,"s:1009:19:1009:45":402,"f:1010:5:1010:10":96,"s:1011:21:1011:Infinity":403,"s:1012:6:1012:Infinity":404,"f:1014:5:1014:11":97,"s:1014:20:1014:41":405,"s:1016:2:1033:Infinity":406,"f:1019:30:1019:38":98,"s:1019:44:1019:67":407,"f:1023:22:1023:30":99,"s:1023:36:1023:60":408,"f:1024:37:1024:Infinity":100,"s:1025:15:1025:Infinity":409,"b:1025:15:1025:43:1025:43:1025:Infinity":121,"s:1105:6:1105:Infinity":410,"f:1105:6:1105:18":101,"s:1105:35:1105:Infinity":411,"f:1107:22:1107:Infinity":102,"s:1111:8:1111:Infinity":412,"b:1112:2:1112:Infinity:undefined:undefined:undefined:undefined":122,"s:1112:2:1112:Infinity":413,"b:1112:6:1112:15:1112:15:1112:45":123,"s:1112:45:1112:Infinity":414,"s:1114:8:1116:Infinity":415,"f:1114:83:1114:Infinity":103,"s:1115:11:1115:Infinity":416,"s:1117:18:1117:Infinity":417,"f:1117:27:1117:32":104,"s:1117:38:1117:42":418,"s:1118:20:1118:Infinity":419,"s:1119:19:1119:Infinity":420,"f:1119:29:1119:37":105,"s:1119:43:1119:66":421,"s:1122:4:1127:Infinity":422,"b:1123:8:1126:Infinity:1127:8:1127:Infinity":124,"b:1122:4:1122:22:1122:22:1122:Infinity":125,"s:1128:17:1133:Infinity":423,"b:1129:6:1132:Infinity:1133:6:1133:Infinity":126,"f:1132:65:1132:70":106,"s:1132:76:1132:80":424,"s:1134:26:1134:Infinity":425,"s:1135:2:1137:Infinity":426,"s:1136:4:1136:Infinity":427,"b:1136:48:1136:94:1136:94:1136:99":127,"s:1139:24:1139:Infinity":428,"s:1140:19:1140:Infinity":429,"f:1140:41:1140:46":107,"s:1140:52:1140:66":430,"s:1141:25:1141:Infinity":431,"f:1141:43:1141:48":108,"s:1141:54:1141:69":432,"s:1142:19:1142:Infinity":433,"s:1143:22:1149:Infinity":434,"b:1144:6:1148:Infinity:1149:6:1149:Infinity":128,"s:1150:22:1150:Infinity":435,"s:1152:34:1239:Infinity":436,"f:1152:43:1152:48":109,"s:1153:18:1157:Infinity":437,"f:1154:7:1154:15":110,"s:1154:21:1154:69":438,"b:1154:21:1154:45:1154:45:1154:69":129,"f:1155:7:1155:Infinity":111,"s:1156:12:1156:Infinity":439,"b:1156:19:1156:52:1156:52:1156:58":130,"b:1156:58:1156:91:1156:91:1156:Infinity":131,"s:1159:19:1185:Infinity":440,"f:1159:25:1159:30":112,"s:1160:19:1160:Infinity":441,"b:1160:19:1160:53:1160:53:1160:Infinity":132,"s:1161:18:1161:Infinity":442,"s:1162:24:1162:Infinity":443,"s:1167:23:1167:Infinity":444,"s:1171:30:1171:Infinity":445,"b:1171:36:1171:79:1171:79:1171:Infinity":133,"s:1172:19:1174:Infinity":446,"b:1173:12:1173:Infinity:1174:10:1174:Infinity":134,"b:1173:12:1173:62:1173:62:1173:Infinity":135,"s:1175:6:1184:Infinity":447,"b:1177:15:1177:29:1177:29:1177:Infinity":136,"b:1178:15:1178:51:1178:51:1178:Infinity":137,"b:1180:71:1180:94:1180:94:1180:Infinity":138,"b:1180:15:1180:27:1180:27:1180:71":139,"b:1181:15:1181:47:1181:47:1181:Infinity":140,"b:1182:73:1182:91:1182:91:1182:Infinity":141,"b:1182:22:1182:34:1182:34:1182:73":142,"b:1183:25:1183:32:1183:32:1183:Infinity":143,"s:1187:20:1187:Infinity":448,"f:1187:27:1187:35":113,"s:1187:41:1187:71":449,"b:1187:41:1187:55:1187:55:1187:71":144,"s:1188:10:1189:Infinity":450,"f:1188:10:1188:21":114,"s:1189:6:1189:Infinity":451,"b:1189:28:1189:35:1189:35:1189:Infinity":145,"f:1189:42:1189:50":115,"s:1189:59:1189:66":452,"s:1191:20:1191:Infinity":453,"f:1191:36:1191:41":116,"s:1191:47:1191:55":454,"s:1192:29:1194:Infinity":455,"f:1193:14:1193:22":117,"s:1193:28:1193:51":456,"f:1193:53:1193:58":118,"s:1193:64:1193:79":457,"s:1195:24:1195:Infinity":458,"f:1195:40:1195:48":119,"s:1195:54:1195:69":459,"f:1195:71:1195:76":120,"s:1195:82:1195:89":460,"s:1203:22:1208:Infinity":461,"f:1204:14:1204:19":121,"s:1205:21:1205:Infinity":462,"b:1205:21:1205:39:1205:39:1205:Infinity":146,"s:1206:8:1206:Infinity":463,"b:1206:33:1206:61:1206:61:1206:Infinity":147,"s:1210:6:1210:Infinity":464,"b:1210:47:1210:92:1210:92:1210:Infinity":148,"b:1210:6:1210:26:1210:26:1210:47":149,"s:1212:23:1212:Infinity":465,"f:1212:35:1212:41":122,"s:1212:47:1212:67":466,"s:1213:4:1238:Infinity":467,"f:1216:28:1216:36":123,"s:1216:42:1216:62":468,"f:1216:64:1216:69":124,"s:1216:75:1216:81":469,"f:1218:25:1218:33":125,"s:1218:39:1218:50":470,"b:1220:31:1220:38:1220:38:1220:Infinity":150,"f:1223:24:1223:32":126,"s:1223:41:1223:54":471,"b:1225:12:1225:32:1225:32:1225:Infinity":151,"b:1226:24:1226:49:1226:49:1226:Infinity":152,"b:1228:10:1228:Infinity:1229:10:1229:Infinity":153,"b:1228:18:1228:97:1228:97:1228:98":154,"f:1230:25:1230:30":127,"s:1230:82:1237:8":472,"s:1241:2:1250:Infinity":473,"b:1243:14:1243:31:1243:31:1243:Infinity":155,"f:1249:22:1249:28":128,"s:1249:37:1249:71":474,"f:1279:22:1279:Infinity":129,"s:1283:8:1283:Infinity":475,"b:1284:2:1284:Infinity:undefined:undefined:undefined:undefined":156,"s:1284:2:1284:Infinity":476,"b:1284:6:1284:15:1284:15:1284:45":157,"s:1284:45:1284:Infinity":477,"s:1286:8:1288:Infinity":478,"f:1286:83:1286:Infinity":130,"s:1287:11:1287:Infinity":479,"s:1289:18:1289:Infinity":480,"f:1289:27:1289:32":131,"s:1289:38:1289:42":481,"s:1290:23:1290:Infinity":482,"f:1290:40:1290:45":132,"s:1290:51:1290:65":483,"s:1292:22:1298:Infinity":484,"b:1293:6:1297:Infinity:1298:6:1298:Infinity":158,"b:1299:2:1305:Infinity:undefined:undefined:undefined:undefined":159,"s:1299:2:1305:Infinity":485,"s:1300:4:1305:Infinity":486,"s:1307:18:1307:Infinity":487,"f:1307:42:1307:47":133,"s:1307:53:1307:61":488,"s:1309:20:1312:Infinity":489,"s:1313:23:1313:Infinity":490,"s:1314:2:1318:Infinity":491,"s:1315:17:1315:Infinity":492,"b:1315:17:1315:47:1315:47:1315:Infinity":160,"s:1316:4:1316:Infinity":493,"s:1317:4:1317:Infinity":494,"s:1320:22:1320:Infinity":495,"s:1321:26:1321:Infinity":496,"f:1321:46:1321:51":134,"s:1321:57:1321:95":497,"s:1322:22:1325:Infinity":498,"s:1326:25:1326:Infinity":499,"s:1327:2:1333:Infinity":500,"s:1328:20:1328:Infinity":501,"b:1329:4:1329:Infinity:undefined:undefined:undefined:undefined":161,"s:1329:4:1329:Infinity":502,"s:1329:18:1329:Infinity":503,"s:1330:17:1330:Infinity":504,"b:1330:17:1330:49:1330:49:1330:Infinity":162,"s:1331:4:1331:Infinity":505,"s:1332:4:1332:Infinity":506,"s:1335:20:1335:Infinity":507,"s:1336:20:1341:Infinity":508,"b:1337:6:1340:Infinity:1341:6:1341:Infinity":163,"b:1336:20:1336:38:1336:38:1336:Infinity":164,"s:1342:17:1347:Infinity":509,"b:1343:6:1346:Infinity:1347:6:1347:Infinity":165,"f:1346:65:1346:70":135,"s:1346:76:1346:80":510,"s:1348:22:1348:Infinity":511,"s:1349:2:1352:Infinity":512,"s:1350:19:1350:Infinity":513,"f:1350:29:1350:35":136,"s:1350:41:1350:71":514,"b:1351:4:1351:Infinity:undefined:undefined:undefined:undefined":166,"s:1351:4:1351:Infinity":515,"s:1351:16:1351:Infinity":516,"b:1351:41:1351:68:1351:68:1351:73":167,"s:1354:23:1354:Infinity":517,"s:1355:2:1367:Infinity":518,"s:1356:18:1356:Infinity":519,"b:1356:18:1356:51:1356:51:1356:Infinity":168,"b:1357:4:1365:Infinity:undefined:undefined:undefined:undefined":169,"s:1357:4:1365:Infinity":520,"s:1358:19:1358:Infinity":521,"b:1359:6:1364:Infinity:1362:13:1364:Infinity":170,"s:1359:6:1364:Infinity":522,"s:1360:8:1360:Infinity":523,"b:1361:8:1361:Infinity:undefined:undefined:undefined:undefined":171,"s:1361:8:1361:Infinity":524,"s:1361:49:1361:Infinity":525,"s:1363:8:1363:Infinity":526,"s:1366:4:1366:Infinity":527,"s:1369:38:1388:Infinity":528,"f:1369:50:1369:55":137,"s:1370:19:1370:Infinity":529,"b:1370:19:1370:49:1370:49:1370:Infinity":172,"s:1371:21:1371:Infinity":530,"s:1372:21:1372:Infinity":531,"s:1373:16:1375:Infinity":532,"b:1374:8:1374:Infinity:1375:8:1375:Infinity":173,"b:1373:16:1373:28:1373:28:1373:Infinity":174,"f:1374:24:1374:32":138,"s:1374:41:1374:48":533,"s:1376:4:1387:Infinity":534,"b:1379:17:1379:47:1379:47:1379:49":175,"f:1380:21:1380:27":139,"s:1380:36:1380:53":535,"b:1382:17:1382:49:1382:49:1382:51":176,"f:1382:53:1382:59":140,"s:1382:68:1382:89":536,"b:1384:26:1384:48:1384:48:1384:Infinity":177,"b:1385:28:1385:52:1385:52:1385:Infinity":178,"b:1386:17:1386:46:1386:46:1386:Infinity":179,"s:1390:20:1390:Infinity":537,"f:1390:29:1390:34":141,"s:1390:40:1390:50":538,"s:1391:22:1393:Infinity":539,"b:1392:6:1392:Infinity:1393:6:1393:Infinity":180,"f:1392:16:1392:24":142,"s:1392:33:1392:40":540,"s:1394:20:1394:Infinity":541,"f:1394:29:1394:37":143,"s:1394:43:1394:66":542,"f:1394:68:1394:73":144,"s:1394:79:1394:94":543,"s:1395:19:1397:Infinity":544,"b:1396:6:1396:Infinity:1397:6:1397:Infinity":181,"f:1396:16:1396:24":145,"s:1396:33:1396:40":545,"s:1399:2:1404:Infinity":546,"f:1403:23:1403:29":146,"s:1403:38:1403:61":547},"fnNames":{}}}
}
